[36mInstall the project...[0m
-- Install configuration: "Release"
-- Up-to-date: /home/mars/MarquetteRMC2021/ros_catkin_ws/install/_setup_util.py
-- Up-to-date: /home/mars/MarquetteRMC2021/ros_catkin_ws/install/env.sh
-- Up-to-date: /home/mars/MarquetteRMC2021/ros_catkin_ws/install/setup.bash
-- Up-to-date: /home/mars/MarquetteRMC2021/ros_catkin_ws/install/local_setup.bash
-- Up-to-date: /home/mars/MarquetteRMC2021/ros_catkin_ws/install/setup.sh
-- Up-to-date: /home/mars/MarquetteRMC2021/ros_catkin_ws/install/local_setup.sh
-- Up-to-date: /home/mars/MarquetteRMC2021/ros_catkin_ws/install/setup.zsh
-- Up-to-date: /home/mars/MarquetteRMC2021/ros_catkin_ws/install/local_setup.zsh
-- Up-to-date: /home/mars/MarquetteRMC2021/ros_catkin_ws/install/.rosinstall
-- Installing: /home/mars/MarquetteRMC2021/ros_catkin_ws/install/lib/pkgconfig/genmsg.pc
-- Installing: /home/mars/MarquetteRMC2021/ros_catkin_ws/install/share/genmsg/cmake/genmsg-extras.cmake
-- Installing: /home/mars/MarquetteRMC2021/ros_catkin_ws/install/share/genmsg/cmake/genmsgConfig.cmake
-- Installing: /home/mars/MarquetteRMC2021/ros_catkin_ws/install/share/genmsg/cmake/genmsgConfig-version.cmake
-- Installing: /home/mars/MarquetteRMC2021/ros_catkin_ws/install/share/genmsg/package.xml
-- Installing: /home/mars/MarquetteRMC2021/ros_catkin_ws/install/share/genmsg/cmake/pkg-genmsg.cmake.em
-- Installing: /home/mars/MarquetteRMC2021/ros_catkin_ws/install/share/genmsg/cmake/pkg-genmsg.context.in
-- Installing: /home/mars/MarquetteRMC2021/ros_catkin_ws/install/share/genmsg/cmake/pkg-msg-extras.cmake.in
-- Installing: /home/mars/MarquetteRMC2021/ros_catkin_ws/install/share/genmsg/cmake/pkg-msg-paths.cmake.develspace.in
-- Installing: /home/mars/MarquetteRMC2021/ros_catkin_ws/install/share/genmsg/cmake/pkg-msg-paths.cmake.installspace.in
+ cd /home/mars/MarquetteRMC2021/ros_catkin_ws/src/genmsg
+ mkdir -p /home/mars/MarquetteRMC2021/ros_catkin_ws/install/lib/python2.7/dist-packages
+ /usr/bin/env PYTHONPATH=/home/mars/MarquetteRMC2021/ros_catkin_ws/install/lib/python2.7/dist-packages:/home/mars/MarquetteRMC2021/ros_catkin_ws/build/genmsg/lib/python2.7/dist-packages:/home/mars/MarquetteRMC2021/ros_catkin_ws/install/lib/python3/dist-packages:/opt/ros/melodic/lib/python2.7/dist-packages CATKIN_BINARY_DIR=/home/mars/MarquetteRMC2021/ros_catkin_ws/build/genmsg /usr/bin/python2 /home/mars/MarquetteRMC2021/ros_catkin_ws/src/genmsg/setup.py egg_info --egg-base /home/mars/MarquetteRMC2021/ros_catkin_ws/build/genmsg build --build-base /home/mars/MarquetteRMC2021/ros_catkin_ws/build/genmsg install --root=/ --install-layout=deb --prefix=/home/mars/MarquetteRMC2021/ros_catkin_ws/install --install-scripts=/home/mars/MarquetteRMC2021/ros_catkin_ws/install/bin
running egg_info
creating /home/mars/MarquetteRMC2021/ros_catkin_ws/build/genmsg/genmsg.egg-info
writing /home/mars/MarquetteRMC2021/ros_catkin_ws/build/genmsg/genmsg.egg-info/PKG-INFO
writing top-level names to /home/mars/MarquetteRMC2021/ros_catkin_ws/build/genmsg/genmsg.egg-info/top_level.txt
writing dependency_links to /home/mars/MarquetteRMC2021/ros_catkin_ws/build/genmsg/genmsg.egg-info/dependency_links.txt
writing manifest file '/home/mars/MarquetteRMC2021/ros_catkin_ws/build/genmsg/genmsg.egg-info/SOURCES.txt'
reading manifest file '/home/mars/MarquetteRMC2021/ros_catkin_ws/build/genmsg/genmsg.egg-info/SOURCES.txt'
writing manifest file '/home/mars/MarquetteRMC2021/ros_catkin_ws/build/genmsg/genmsg.egg-info/SOURCES.txt'
running build
running build_py
creating /home/mars/MarquetteRMC2021/ros_catkin_ws/build/genmsg/lib.linux-x86_64-2.7
creating /home/mars/MarquetteRMC2021/ros_catkin_ws/build/genmsg/lib.linux-x86_64-2.7/genmsg
copying src/genmsg/__init__.py -> /home/mars/MarquetteRMC2021/ros_catkin_ws/build/genmsg/lib.linux-x86_64-2.7/genmsg
copying src/genmsg/command_line.py -> /home/mars/MarquetteRMC2021/ros_catkin_ws/build/genmsg/lib.linux-x86_64-2.7/genmsg
copying src/genmsg/msg_loader.py -> /home/mars/MarquetteRMC2021/ros_catkin_ws/build/genmsg/lib.linux-x86_64-2.7/genmsg
copying src/genmsg/deps.py -> /home/mars/MarquetteRMC2021/ros_catkin_ws/build/genmsg/lib.linux-x86_64-2.7/genmsg
copying src/genmsg/gentools.py -> /home/mars/MarquetteRMC2021/ros_catkin_ws/build/genmsg/lib.linux-x86_64-2.7/genmsg
copying src/genmsg/msgs.py -> /home/mars/MarquetteRMC2021/ros_catkin_ws/build/genmsg/lib.linux-x86_64-2.7/genmsg
copying src/genmsg/template_tools.py -> /home/mars/MarquetteRMC2021/ros_catkin_ws/build/genmsg/lib.linux-x86_64-2.7/genmsg
copying src/genmsg/names.py -> /home/mars/MarquetteRMC2021/ros_catkin_ws/build/genmsg/lib.linux-x86_64-2.7/genmsg
copying src/genmsg/base.py -> /home/mars/MarquetteRMC2021/ros_catkin_ws/build/genmsg/lib.linux-x86_64-2.7/genmsg
copying src/genmsg/srvs.py -> /home/mars/MarquetteRMC2021/ros_catkin_ws/build/genmsg/lib.linux-x86_64-2.7/genmsg
running install
running install_lib
creating /home/mars/MarquetteRMC2021/ros_catkin_ws/install/lib/python2.7/dist-packages/genmsg
copying /home/mars/MarquetteRMC2021/ros_catkin_ws/build/genmsg/lib.linux-x86_64-2.7/genmsg/__init__.py -> /home/mars/MarquetteRMC2021/ros_catkin_ws/install/lib/python2.7/dist-packages/genmsg
copying /home/mars/MarquetteRMC2021/ros_catkin_ws/build/genmsg/lib.linux-x86_64-2.7/genmsg/command_line.py -> /home/mars/MarquetteRMC2021/ros_catkin_ws/install/lib/python2.7/dist-packages/genmsg
copying /home/mars/MarquetteRMC2021/ros_catkin_ws/build/genmsg/lib.linux-x86_64-2.7/genmsg/msg_loader.py -> /home/mars/MarquetteRMC2021/ros_catkin_ws/install/lib/python2.7/dist-packages/genmsg
copying /home/mars/MarquetteRMC2021/ros_catkin_ws/build/genmsg/lib.linux-x86_64-2.7/genmsg/deps.py -> /home/mars/MarquetteRMC2021/ros_catkin_ws/install/lib/python2.7/dist-packages/genmsg
copying /home/mars/MarquetteRMC2021/ros_catkin_ws/build/genmsg/lib.linux-x86_64-2.7/genmsg/gentools.py -> /home/mars/MarquetteRMC2021/ros_catkin_ws/install/lib/python2.7/dist-packages/genmsg
copying /home/mars/MarquetteRMC2021/ros_catkin_ws/build/genmsg/lib.linux-x86_64-2.7/genmsg/msgs.py -> /home/mars/MarquetteRMC2021/ros_catkin_ws/install/lib/python2.7/dist-packages/genmsg
copying /home/mars/MarquetteRMC2021/ros_catkin_ws/build/genmsg/lib.linux-x86_64-2.7/genmsg/template_tools.py -> /home/mars/MarquetteRMC2021/ros_catkin_ws/install/lib/python2.7/dist-packages/genmsg
copying /home/mars/MarquetteRMC2021/ros_catkin_ws/build/genmsg/lib.linux-x86_64-2.7/genmsg/names.py -> /home/mars/MarquetteRMC2021/ros_catkin_ws/install/lib/python2.7/dist-packages/genmsg
copying /home/mars/MarquetteRMC2021/ros_catkin_ws/build/genmsg/lib.linux-x86_64-2.7/genmsg/base.py -> /home/mars/MarquetteRMC2021/ros_catkin_ws/install/lib/python2.7/dist-packages/genmsg
copying /home/mars/MarquetteRMC2021/ros_catkin_ws/build/genmsg/lib.linux-x86_64-2.7/genmsg/srvs.py -> /home/mars/MarquetteRMC2021/ros_catkin_ws/install/lib/python2.7/dist-packages/genmsg
byte-compiling /home/mars/MarquetteRMC2021/ros_catkin_ws/install/lib/python2.7/dist-packages/genmsg/__init__.py to __init__.pyc
byte-compiling /home/mars/MarquetteRMC2021/ros_catkin_ws/install/lib/python2.7/dist-packages/genmsg/command_line.py to command_line.pyc
byte-compiling /home/mars/MarquetteRMC2021/ros_catkin_ws/install/lib/python2.7/dist-packages/genmsg/msg_loader.py to msg_loader.pyc
byte-compiling /home/mars/MarquetteRMC2021/ros_catkin_ws/install/lib/python2.7/dist-packages/genmsg/deps.py to deps.pyc
byte-compiling /home/mars/MarquetteRMC2021/ros_catkin_ws/install/lib/python2.7/dist-packages/genmsg/gentools.py to gentools.pyc
byte-compiling /home/mars/MarquetteRMC2021/ros_catkin_ws/install/lib/python2.7/dist-packages/genmsg/msgs.py to msgs.pyc
byte-compiling /home/mars/MarquetteRMC2021/ros_catkin_ws/install/lib/python2.7/dist-packages/genmsg/template_tools.py to template_tools.pyc
byte-compiling /home/mars/MarquetteRMC2021/ros_catkin_ws/install/lib/python2.7/dist-packages/genmsg/names.py to names.pyc
byte-compiling /home/mars/MarquetteRMC2021/ros_catkin_ws/install/lib/python2.7/dist-packages/genmsg/base.py to base.pyc
byte-compiling /home/mars/MarquetteRMC2021/ros_catkin_ws/install/lib/python2.7/dist-packages/genmsg/srvs.py to srvs.pyc
running install_egg_info
Copying /home/mars/MarquetteRMC2021/ros_catkin_ws/build/genmsg/genmsg.egg-info to /home/mars/MarquetteRMC2021/ros_catkin_ws/install/lib/python2.7/dist-packages/genmsg-0.5.16.egg-info
Skipping SOURCES.txt
running install_scripts
-- Installing: /home/mars/MarquetteRMC2021/ros_catkin_ws/install/lib/genmsg/genmsg_check_deps.py
