Not searching for unused variables given on the command line.
[36m--[0m The C compiler identification is GNU 7.5.0
[36m--[0m The CXX compiler identification is GNU 7.5.0
[36m--[0m Check for working C compiler: /usr/bin/cc
[36m--[0m Check for working C compiler: /usr/bin/cc -- works
[36m--[0m Detecting C compiler ABI info
[36m--[0m Detecting C compiler ABI info - done
[36m--[0m Detecting C compile features
[36m--[0m Detecting C compile features - done
[36m--[0m Check for working CXX compiler: /usr/bin/c++
[36m--[0m Check for working CXX compiler: /usr/bin/c++ -- works
[36m--[0m Detecting CXX compiler ABI info
[36m--[0m Detecting CXX compiler ABI info - done
[36m--[0m Detecting CXX compile features
[36m--[0m Detecting CXX compile features - done
[36m--[0m Using CATKIN_DEVEL_PREFIX: /home/mars/MarquetteRMC2021/ros_catkin_ws/devel/.private/rostime
[36m--[0m Using CMAKE_PREFIX_PATH: /home/mars/MarquetteRMC2021/ros_catkin_ws/install;/opt/ros/melodic
[36m--[0m This workspace overlays: /home/mars/MarquetteRMC2021/ros_catkin_ws/install;/opt/ros/melodic
[36m--[0m Found PythonInterp: /usr/bin/python2 (found suitable version "2.7.17", minimum required is "2")
[36m--[0m Using PYTHON_EXECUTABLE: /usr/bin/python2
[36m--[0m Using Debian Python package layout
[36m--[0m Using empy: /usr/bin/empy
[36m--[0m Using CATKIN_ENABLE_TESTING: ON
[36m--[0m Call enable_testing()
[36m--[0m Using CATKIN_TEST_RESULTS_DIR: /home/mars/MarquetteRMC2021/ros_catkin_ws/build/rostime/test_results
[36m--[0m Found gtest sources under '/usr/src/googletest': gtests will be built
[36m--[0m Found gmock sources under '/usr/src/googletest': gmock will be built
[36m--[0m Found PythonInterp: /usr/bin/python2 (found version "2.7.17")
[36m--[0m Looking for pthread.h
[36m--[0m Looking for pthread.h - found
[36m--[0m Looking for pthread_create
[36m--[0m Looking for pthread_create - not found
[36m--[0m Looking for pthread_create in pthreads
[36m--[0m Looking for pthread_create in pthreads - not found
[36m--[0m Looking for pthread_create in pthread
[36m--[0m Looking for pthread_create in pthread - found
[36m--[0m Found Threads: TRUE
[36m--[0m Using Python nosetests: /usr/bin/nosetests-2.7
[36m--[0m catkin 0.7.29
[36m--[0m BUILD_SHARED_LIBS is on
[36m--[0m Found Boost 1.70.0 at /usr/lib/cmake/Boost-1.70.0
[36m--[0m   Requested configuration: QUIET REQUIRED COMPONENTS date_time;system;thread
[36m--[0m Found boost_headers 1.70.0 at /usr/lib/cmake/boost_headers-1.70.0
[36m--[0m Found boost_date_time 1.70.0 at /usr/lib/cmake/boost_date_time-1.70.0
[36m--[0m   libboost_date_time.so.1.70.0
[36m--[0m Adding boost_date_time dependencies: headers
[36m--[0m Found boost_system 1.70.0 at /usr/lib/cmake/boost_system-1.70.0
[36m--[0m   libboost_system.so.1.70.0
[36m--[0m Adding boost_system dependencies: headers
[36m--[0m Found boost_thread 1.70.0 at /usr/lib/cmake/boost_thread-1.70.0
[36m--[0m   libboost_thread.so.1.70.0
[36m--[0m Adding boost_thread dependencies: headers
[36m--[0m Boost  found.
[36m--[0m Found Boost components:
   date_time;system;thread
[33m[1mCMake Warning[0m at /home/mars/MarquetteRMC2021/ros_catkin_ws/install/share/catkin/cmake/catkin_package.cmake:166 (message):
  catkin_package() DEPENDS on 'Boost' but neither 'Boost_INCLUDE_DIRS' nor
  'Boost_LIBRARIES' is defined.
[36mCall Stack (most recent call first):[0m
  /home/mars/MarquetteRMC2021/ros_catkin_ws/install/share/catkin/cmake/catkin_package.cmake:102 (_catkin_package)
  CMakeLists.txt:6 (catkin_package)


[36m--[0m Configuring done
[36m--[0m Generating done
[36m--[0m Build files have been written to: /home/mars/MarquetteRMC2021/ros_catkin_ws/build/rostime
