Determining if the pthread_create exist failed with the following output:
Change Dir: /home/mars/MarquetteRMC2021/ros_catkin_ws/build/class_loader/CMakeFiles/CMakeTmp

Run Build Command:"/usr/bin/make" "cmTC_97799/fast"
/usr/bin/make -f CMakeFiles/cmTC_97799.dir/build.make CMakeFiles/cmTC_97799.dir/build
make[1]: Entering directory '/home/mars/MarquetteRMC2021/ros_catkin_ws/build/class_loader/CMakeFiles/CMakeTmp'
Building CXX object CMakeFiles/cmTC_97799.dir/CheckSymbolExists.cxx.o
/usr/bin/c++     -o CMakeFiles/cmTC_97799.dir/CheckSymbolExists.cxx.o -c /home/mars/MarquetteRMC2021/ros_catkin_ws/build/class_loader/CMakeFiles/CMakeTmp/CheckSymbolExists.cxx
Linking CXX executable cmTC_97799
/usr/bin/cmake -E cmake_link_script CMakeFiles/cmTC_97799.dir/link.txt --verbose=1
/usr/bin/c++       CMakeFiles/cmTC_97799.dir/CheckSymbolExists.cxx.o  -o cmTC_97799 
CMakeFiles/cmTC_97799.dir/CheckSymbolExists.cxx.o: In function `main':
CheckSymbolExists.cxx:(.text+0x1b): undefined reference to `pthread_create'
collect2: error: ld returned 1 exit status
CMakeFiles/cmTC_97799.dir/build.make:97: recipe for target 'cmTC_97799' failed
make[1]: *** [cmTC_97799] Error 1
make[1]: Leaving directory '/home/mars/MarquetteRMC2021/ros_catkin_ws/build/class_loader/CMakeFiles/CMakeTmp'
Makefile:126: recipe for target 'cmTC_97799/fast' failed
make: *** [cmTC_97799/fast] Error 2

File /home/mars/MarquetteRMC2021/ros_catkin_ws/build/class_loader/CMakeFiles/CMakeTmp/CheckSymbolExists.cxx:
/* */
#include <pthread.h>

int main(int argc, char** argv)
{
  (void)argv;
#ifndef pthread_create
  return ((int*)(&pthread_create))[argc];
#else
  (void)argc;
  return 0;
#endif
}

Determining if the function pthread_create exists in the pthreads failed with the following output:
Change Dir: /home/mars/MarquetteRMC2021/ros_catkin_ws/build/class_loader/CMakeFiles/CMakeTmp

Run Build Command:"/usr/bin/make" "cmTC_111f4/fast"
/usr/bin/make -f CMakeFiles/cmTC_111f4.dir/build.make CMakeFiles/cmTC_111f4.dir/build
make[1]: Entering directory '/home/mars/MarquetteRMC2021/ros_catkin_ws/build/class_loader/CMakeFiles/CMakeTmp'
Building CXX object CMakeFiles/cmTC_111f4.dir/CheckFunctionExists.cxx.o
/usr/bin/c++    -DCHECK_FUNCTION_EXISTS=pthread_create   -o CMakeFiles/cmTC_111f4.dir/CheckFunctionExists.cxx.o -c /home/mars/MarquetteRMC2021/ros_catkin_ws/build/class_loader/CMakeFiles/CheckLibraryExists/CheckFunctionExists.cxx
Linking CXX executable cmTC_111f4
/usr/bin/cmake -E cmake_link_script CMakeFiles/cmTC_111f4.dir/link.txt --verbose=1
/usr/bin/c++   -DCHECK_FUNCTION_EXISTS=pthread_create    CMakeFiles/cmTC_111f4.dir/CheckFunctionExists.cxx.o  -o cmTC_111f4 -lpthreads 
/usr/bin/ld: cannot find -lpthreads
collect2: error: ld returned 1 exit status
CMakeFiles/cmTC_111f4.dir/build.make:97: recipe for target 'cmTC_111f4' failed
make[1]: *** [cmTC_111f4] Error 1
make[1]: Leaving directory '/home/mars/MarquetteRMC2021/ros_catkin_ws/build/class_loader/CMakeFiles/CMakeTmp'
Makefile:126: recipe for target 'cmTC_111f4/fast' failed
make: *** [cmTC_111f4/fast] Error 2


