Determining if the pthread_create exist failed with the following output:
Change Dir: /home/mars/MarquetteRMC2021/ros_catkin_ws/build/smach/CMakeFiles/CMakeTmp

Run Build Command:"/usr/bin/make" "cmTC_213bb/fast"
/usr/bin/make -f CMakeFiles/cmTC_213bb.dir/build.make CMakeFiles/cmTC_213bb.dir/build
make[1]: Entering directory '/home/mars/MarquetteRMC2021/ros_catkin_ws/build/smach/CMakeFiles/CMakeTmp'
Building C object CMakeFiles/cmTC_213bb.dir/CheckSymbolExists.c.o
/usr/bin/cc    -o CMakeFiles/cmTC_213bb.dir/CheckSymbolExists.c.o   -c /home/mars/MarquetteRMC2021/ros_catkin_ws/build/smach/CMakeFiles/CMakeTmp/CheckSymbolExists.c
Linking C executable cmTC_213bb
/usr/bin/cmake -E cmake_link_script CMakeFiles/cmTC_213bb.dir/link.txt --verbose=1
/usr/bin/cc      -rdynamic CMakeFiles/cmTC_213bb.dir/CheckSymbolExists.c.o  -o cmTC_213bb 
CMakeFiles/cmTC_213bb.dir/CheckSymbolExists.c.o: In function `main':
CheckSymbolExists.c:(.text+0x1b): undefined reference to `pthread_create'
collect2: error: ld returned 1 exit status
CMakeFiles/cmTC_213bb.dir/build.make:97: recipe for target 'cmTC_213bb' failed
make[1]: *** [cmTC_213bb] Error 1
make[1]: Leaving directory '/home/mars/MarquetteRMC2021/ros_catkin_ws/build/smach/CMakeFiles/CMakeTmp'
Makefile:126: recipe for target 'cmTC_213bb/fast' failed
make: *** [cmTC_213bb/fast] Error 2

File /home/mars/MarquetteRMC2021/ros_catkin_ws/build/smach/CMakeFiles/CMakeTmp/CheckSymbolExists.c:
/* */
#include <pthread.h>

int main(int argc, char** argv)
{
  (void)argv;
#ifndef pthread_create
  return ((int*)(&pthread_create))[argc];
#else
  (void)argc;
  return 0;
#endif
}

Determining if the function pthread_create exists in the pthreads failed with the following output:
Change Dir: /home/mars/MarquetteRMC2021/ros_catkin_ws/build/smach/CMakeFiles/CMakeTmp

Run Build Command:"/usr/bin/make" "cmTC_39a90/fast"
/usr/bin/make -f CMakeFiles/cmTC_39a90.dir/build.make CMakeFiles/cmTC_39a90.dir/build
make[1]: Entering directory '/home/mars/MarquetteRMC2021/ros_catkin_ws/build/smach/CMakeFiles/CMakeTmp'
Building C object CMakeFiles/cmTC_39a90.dir/CheckFunctionExists.c.o
/usr/bin/cc   -DCHECK_FUNCTION_EXISTS=pthread_create   -o CMakeFiles/cmTC_39a90.dir/CheckFunctionExists.c.o   -c /usr/share/cmake-3.10/Modules/CheckFunctionExists.c
Linking C executable cmTC_39a90
/usr/bin/cmake -E cmake_link_script CMakeFiles/cmTC_39a90.dir/link.txt --verbose=1
/usr/bin/cc  -DCHECK_FUNCTION_EXISTS=pthread_create    -rdynamic CMakeFiles/cmTC_39a90.dir/CheckFunctionExists.c.o  -o cmTC_39a90 -lpthreads 
/usr/bin/ld: cannot find -lpthreads
collect2: error: ld returned 1 exit status
CMakeFiles/cmTC_39a90.dir/build.make:97: recipe for target 'cmTC_39a90' failed
make[1]: *** [cmTC_39a90] Error 1
make[1]: Leaving directory '/home/mars/MarquetteRMC2021/ros_catkin_ws/build/smach/CMakeFiles/CMakeTmp'
Makefile:126: recipe for target 'cmTC_39a90/fast' failed
make: *** [cmTC_39a90/fast] Error 2


