[36mInstall the project...[0m
-- Install configuration: "Release"
-- Installing: /home/mars/MarquetteRMC2021/ros_catkin_ws/install/_setup_util.py
-- Installing: /home/mars/MarquetteRMC2021/ros_catkin_ws/install/env.sh
-- Installing: /home/mars/MarquetteRMC2021/ros_catkin_ws/install/setup.bash
-- Installing: /home/mars/MarquetteRMC2021/ros_catkin_ws/install/local_setup.bash
-- Installing: /home/mars/MarquetteRMC2021/ros_catkin_ws/install/setup.sh
-- Installing: /home/mars/MarquetteRMC2021/ros_catkin_ws/install/local_setup.sh
-- Installing: /home/mars/MarquetteRMC2021/ros_catkin_ws/install/setup.zsh
-- Installing: /home/mars/MarquetteRMC2021/ros_catkin_ws/install/local_setup.zsh
-- Installing: /home/mars/MarquetteRMC2021/ros_catkin_ws/install/.rosinstall
-- Installing: /home/mars/MarquetteRMC2021/ros_catkin_ws/install/lib/pkgconfig/rosparam.pc
-- Installing: /home/mars/MarquetteRMC2021/ros_catkin_ws/install/share/rosparam/cmake/rosparamConfig.cmake
-- Installing: /home/mars/MarquetteRMC2021/ros_catkin_ws/install/share/rosparam/cmake/rosparamConfig-version.cmake
-- Installing: /home/mars/MarquetteRMC2021/ros_catkin_ws/install/share/rosparam/package.xml
+ cd /home/mars/MarquetteRMC2021/ros_catkin_ws/src/ros_comm/rosparam
+ mkdir -p /home/mars/MarquetteRMC2021/ros_catkin_ws/install/lib/python2.7/dist-packages
+ /usr/bin/env PYTHONPATH=/home/mars/MarquetteRMC2021/ros_catkin_ws/install/lib/python2.7/dist-packages:/home/mars/MarquetteRMC2021/ros_catkin_ws/build/rosparam/lib/python2.7/dist-packages:/home/mars/MarquetteRMC2021/ros_catkin_ws/install/lib/python2.7/dist-packages:/opt/ros/melodic/lib/python2.7/dist-packages CATKIN_BINARY_DIR=/home/mars/MarquetteRMC2021/ros_catkin_ws/build/rosparam /usr/bin/python2 /home/mars/MarquetteRMC2021/ros_catkin_ws/src/ros_comm/rosparam/setup.py build --build-base /home/mars/MarquetteRMC2021/ros_catkin_ws/build/rosparam install --root=/ --install-layout=deb --prefix=/home/mars/MarquetteRMC2021/ros_catkin_ws/install --install-scripts=/home/mars/MarquetteRMC2021/ros_catkin_ws/install/bin
running build
running build_py
creating /home/mars/MarquetteRMC2021/ros_catkin_ws/build/rosparam/lib.linux-x86_64-2.7
creating /home/mars/MarquetteRMC2021/ros_catkin_ws/build/rosparam/lib.linux-x86_64-2.7/rosparam
copying src/rosparam/__init__.py -> /home/mars/MarquetteRMC2021/ros_catkin_ws/build/rosparam/lib.linux-x86_64-2.7/rosparam
running build_scripts
creating /home/mars/MarquetteRMC2021/ros_catkin_ws/build/rosparam/scripts-2.7
copying and adjusting scripts/rosparam -> /home/mars/MarquetteRMC2021/ros_catkin_ws/build/rosparam/scripts-2.7
changing mode of /home/mars/MarquetteRMC2021/ros_catkin_ws/build/rosparam/scripts-2.7/rosparam from 644 to 755
running install
running install_lib
creating /home/mars/MarquetteRMC2021/ros_catkin_ws/install/lib/python2.7/dist-packages/rosparam
copying /home/mars/MarquetteRMC2021/ros_catkin_ws/build/rosparam/lib.linux-x86_64-2.7/rosparam/__init__.py -> /home/mars/MarquetteRMC2021/ros_catkin_ws/install/lib/python2.7/dist-packages/rosparam
byte-compiling /home/mars/MarquetteRMC2021/ros_catkin_ws/install/lib/python2.7/dist-packages/rosparam/__init__.py to __init__.pyc
running install_scripts
copying /home/mars/MarquetteRMC2021/ros_catkin_ws/build/rosparam/scripts-2.7/rosparam -> /home/mars/MarquetteRMC2021/ros_catkin_ws/install/bin
changing mode of /home/mars/MarquetteRMC2021/ros_catkin_ws/install/bin/rosparam to 755
running install_egg_info
Writing /home/mars/MarquetteRMC2021/ros_catkin_ws/install/lib/python2.7/dist-packages/rosparam-1.14.10.egg-info
