Determining if the pthread_create exist failed with the following output:
Change Dir: /home/mars/MarquetteRMC2021/ros_catkin_ws/build_isolated/genlisp/CMakeFiles/CMakeTmp

Run Build Command:"/usr/bin/make" "cmTC_20b5b/fast"
/usr/bin/make -f CMakeFiles/cmTC_20b5b.dir/build.make CMakeFiles/cmTC_20b5b.dir/build
make[1]: Entering directory '/home/mars/MarquetteRMC2021/ros_catkin_ws/build_isolated/genlisp/CMakeFiles/CMakeTmp'
Building C object CMakeFiles/cmTC_20b5b.dir/CheckSymbolExists.c.o
/usr/bin/cc    -o CMakeFiles/cmTC_20b5b.dir/CheckSymbolExists.c.o   -c /home/mars/MarquetteRMC2021/ros_catkin_ws/build_isolated/genlisp/CMakeFiles/CMakeTmp/CheckSymbolExists.c
Linking C executable cmTC_20b5b
/usr/bin/cmake -E cmake_link_script CMakeFiles/cmTC_20b5b.dir/link.txt --verbose=1
/usr/bin/cc      -rdynamic CMakeFiles/cmTC_20b5b.dir/CheckSymbolExists.c.o  -o cmTC_20b5b 
CMakeFiles/cmTC_20b5b.dir/CheckSymbolExists.c.o: In function `main':
CheckSymbolExists.c:(.text+0x1b): undefined reference to `pthread_create'
collect2: error: ld returned 1 exit status
CMakeFiles/cmTC_20b5b.dir/build.make:97: recipe for target 'cmTC_20b5b' failed
make[1]: *** [cmTC_20b5b] Error 1
make[1]: Leaving directory '/home/mars/MarquetteRMC2021/ros_catkin_ws/build_isolated/genlisp/CMakeFiles/CMakeTmp'
Makefile:126: recipe for target 'cmTC_20b5b/fast' failed
make: *** [cmTC_20b5b/fast] Error 2

File /home/mars/MarquetteRMC2021/ros_catkin_ws/build_isolated/genlisp/CMakeFiles/CMakeTmp/CheckSymbolExists.c:
/* */
#include <pthread.h>

int main(int argc, char** argv)
{
  (void)argv;
#ifndef pthread_create
  return ((int*)(&pthread_create))[argc];
#else
  (void)argc;
  return 0;
#endif
}

Determining if the function pthread_create exists in the pthreads failed with the following output:
Change Dir: /home/mars/MarquetteRMC2021/ros_catkin_ws/build_isolated/genlisp/CMakeFiles/CMakeTmp

Run Build Command:"/usr/bin/make" "cmTC_b3d0b/fast"
/usr/bin/make -f CMakeFiles/cmTC_b3d0b.dir/build.make CMakeFiles/cmTC_b3d0b.dir/build
make[1]: Entering directory '/home/mars/MarquetteRMC2021/ros_catkin_ws/build_isolated/genlisp/CMakeFiles/CMakeTmp'
Building C object CMakeFiles/cmTC_b3d0b.dir/CheckFunctionExists.c.o
/usr/bin/cc   -DCHECK_FUNCTION_EXISTS=pthread_create   -o CMakeFiles/cmTC_b3d0b.dir/CheckFunctionExists.c.o   -c /usr/share/cmake-3.10/Modules/CheckFunctionExists.c
Linking C executable cmTC_b3d0b
/usr/bin/cmake -E cmake_link_script CMakeFiles/cmTC_b3d0b.dir/link.txt --verbose=1
/usr/bin/cc  -DCHECK_FUNCTION_EXISTS=pthread_create    -rdynamic CMakeFiles/cmTC_b3d0b.dir/CheckFunctionExists.c.o  -o cmTC_b3d0b -lpthreads 
/usr/bin/ld: cannot find -lpthreads
collect2: error: ld returned 1 exit status
CMakeFiles/cmTC_b3d0b.dir/build.make:97: recipe for target 'cmTC_b3d0b' failed
make[1]: *** [cmTC_b3d0b] Error 1
make[1]: Leaving directory '/home/mars/MarquetteRMC2021/ros_catkin_ws/build_isolated/genlisp/CMakeFiles/CMakeTmp'
Makefile:126: recipe for target 'cmTC_b3d0b/fast' failed
make: *** [cmTC_b3d0b/fast] Error 2


