Determining if the pthread_create exist failed with the following output:
Change Dir: /home/mars/MarquetteRMC2021/ros_catkin_ws/build_isolated/bond_core/CMakeFiles/CMakeTmp

Run Build Command:"/usr/bin/make" "cmTC_25c3e/fast"
/usr/bin/make -f CMakeFiles/cmTC_25c3e.dir/build.make CMakeFiles/cmTC_25c3e.dir/build
make[1]: Entering directory '/home/mars/MarquetteRMC2021/ros_catkin_ws/build_isolated/bond_core/CMakeFiles/CMakeTmp'
Building C object CMakeFiles/cmTC_25c3e.dir/CheckSymbolExists.c.o
/usr/bin/cc    -o CMakeFiles/cmTC_25c3e.dir/CheckSymbolExists.c.o   -c /home/mars/MarquetteRMC2021/ros_catkin_ws/build_isolated/bond_core/CMakeFiles/CMakeTmp/CheckSymbolExists.c
Linking C executable cmTC_25c3e
/usr/bin/cmake -E cmake_link_script CMakeFiles/cmTC_25c3e.dir/link.txt --verbose=1
/usr/bin/cc      -rdynamic CMakeFiles/cmTC_25c3e.dir/CheckSymbolExists.c.o  -o cmTC_25c3e 
CMakeFiles/cmTC_25c3e.dir/CheckSymbolExists.c.o: In function `main':
CheckSymbolExists.c:(.text+0x1b): undefined reference to `pthread_create'
collect2: error: ld returned 1 exit status
CMakeFiles/cmTC_25c3e.dir/build.make:97: recipe for target 'cmTC_25c3e' failed
make[1]: *** [cmTC_25c3e] Error 1
make[1]: Leaving directory '/home/mars/MarquetteRMC2021/ros_catkin_ws/build_isolated/bond_core/CMakeFiles/CMakeTmp'
Makefile:126: recipe for target 'cmTC_25c3e/fast' failed
make: *** [cmTC_25c3e/fast] Error 2

File /home/mars/MarquetteRMC2021/ros_catkin_ws/build_isolated/bond_core/CMakeFiles/CMakeTmp/CheckSymbolExists.c:
/* */
#include <pthread.h>

int main(int argc, char** argv)
{
  (void)argv;
#ifndef pthread_create
  return ((int*)(&pthread_create))[argc];
#else
  (void)argc;
  return 0;
#endif
}

Determining if the function pthread_create exists in the pthreads failed with the following output:
Change Dir: /home/mars/MarquetteRMC2021/ros_catkin_ws/build_isolated/bond_core/CMakeFiles/CMakeTmp

Run Build Command:"/usr/bin/make" "cmTC_e3999/fast"
/usr/bin/make -f CMakeFiles/cmTC_e3999.dir/build.make CMakeFiles/cmTC_e3999.dir/build
make[1]: Entering directory '/home/mars/MarquetteRMC2021/ros_catkin_ws/build_isolated/bond_core/CMakeFiles/CMakeTmp'
Building C object CMakeFiles/cmTC_e3999.dir/CheckFunctionExists.c.o
/usr/bin/cc   -DCHECK_FUNCTION_EXISTS=pthread_create   -o CMakeFiles/cmTC_e3999.dir/CheckFunctionExists.c.o   -c /usr/share/cmake-3.10/Modules/CheckFunctionExists.c
Linking C executable cmTC_e3999
/usr/bin/cmake -E cmake_link_script CMakeFiles/cmTC_e3999.dir/link.txt --verbose=1
/usr/bin/cc  -DCHECK_FUNCTION_EXISTS=pthread_create    -rdynamic CMakeFiles/cmTC_e3999.dir/CheckFunctionExists.c.o  -o cmTC_e3999 -lpthreads 
/usr/bin/ld: cannot find -lpthreads
collect2: error: ld returned 1 exit status
CMakeFiles/cmTC_e3999.dir/build.make:97: recipe for target 'cmTC_e3999' failed
make[1]: *** [cmTC_e3999] Error 1
make[1]: Leaving directory '/home/mars/MarquetteRMC2021/ros_catkin_ws/build_isolated/bond_core/CMakeFiles/CMakeTmp'
Makefile:126: recipe for target 'cmTC_e3999/fast' failed
make: *** [cmTC_e3999/fast] Error 2


