[36mInstall the project...[0m
-- Install configuration: "Release"
-- Up-to-date: /home/mars/MarquetteRMC2021/ros_catkin_ws/install/_setup_util.py
-- Up-to-date: /home/mars/MarquetteRMC2021/ros_catkin_ws/install/env.sh
-- Up-to-date: /home/mars/MarquetteRMC2021/ros_catkin_ws/install/setup.bash
-- Up-to-date: /home/mars/MarquetteRMC2021/ros_catkin_ws/install/local_setup.bash
-- Up-to-date: /home/mars/MarquetteRMC2021/ros_catkin_ws/install/setup.sh
-- Up-to-date: /home/mars/MarquetteRMC2021/ros_catkin_ws/install/local_setup.sh
-- Up-to-date: /home/mars/MarquetteRMC2021/ros_catkin_ws/install/setup.zsh
-- Up-to-date: /home/mars/MarquetteRMC2021/ros_catkin_ws/install/local_setup.zsh
-- Up-to-date: /home/mars/MarquetteRMC2021/ros_catkin_ws/install/.rosinstall
-- Installing: /home/mars/MarquetteRMC2021/ros_catkin_ws/install/lib/pkgconfig/genpy.pc
-- Installing: /home/mars/MarquetteRMC2021/ros_catkin_ws/install/share/genpy/cmake/genpy-extras.cmake
-- Installing: /home/mars/MarquetteRMC2021/ros_catkin_ws/install/share/genpy/cmake/genpyConfig.cmake
-- Installing: /home/mars/MarquetteRMC2021/ros_catkin_ws/install/share/genpy/cmake/genpyConfig-version.cmake
-- Installing: /home/mars/MarquetteRMC2021/ros_catkin_ws/install/share/genpy/package.xml
-- Installing: /home/mars/MarquetteRMC2021/ros_catkin_ws/install/etc/ros/genmsg/genpy
+ cd /home/mars/MarquetteRMC2021/ros_catkin_ws/src/genpy
+ mkdir -p /home/mars/MarquetteRMC2021/ros_catkin_ws/install/lib/python2.7/dist-packages
+ /usr/bin/env PYTHONPATH=/home/mars/MarquetteRMC2021/ros_catkin_ws/install/lib/python2.7/dist-packages:/home/mars/MarquetteRMC2021/ros_catkin_ws/build/genpy/lib/python2.7/dist-packages:/home/mars/MarquetteRMC2021/ros_catkin_ws/install/lib/python2.7/dist-packages:/opt/ros/melodic/lib/python2.7/dist-packages CATKIN_BINARY_DIR=/home/mars/MarquetteRMC2021/ros_catkin_ws/build/genpy /usr/bin/python2 /home/mars/MarquetteRMC2021/ros_catkin_ws/src/genpy/setup.py egg_info --egg-base /home/mars/MarquetteRMC2021/ros_catkin_ws/build/genpy build --build-base /home/mars/MarquetteRMC2021/ros_catkin_ws/build/genpy install --root=/ --install-layout=deb --prefix=/home/mars/MarquetteRMC2021/ros_catkin_ws/install --install-scripts=/home/mars/MarquetteRMC2021/ros_catkin_ws/install/bin
running egg_info
creating /home/mars/MarquetteRMC2021/ros_catkin_ws/build/genpy/genpy.egg-info
writing /home/mars/MarquetteRMC2021/ros_catkin_ws/build/genpy/genpy.egg-info/PKG-INFO
writing top-level names to /home/mars/MarquetteRMC2021/ros_catkin_ws/build/genpy/genpy.egg-info/top_level.txt
writing dependency_links to /home/mars/MarquetteRMC2021/ros_catkin_ws/build/genpy/genpy.egg-info/dependency_links.txt
writing manifest file '/home/mars/MarquetteRMC2021/ros_catkin_ws/build/genpy/genpy.egg-info/SOURCES.txt'
reading manifest file '/home/mars/MarquetteRMC2021/ros_catkin_ws/build/genpy/genpy.egg-info/SOURCES.txt'
writing manifest file '/home/mars/MarquetteRMC2021/ros_catkin_ws/build/genpy/genpy.egg-info/SOURCES.txt'
running build
running build_py
creating /home/mars/MarquetteRMC2021/ros_catkin_ws/build/genpy/lib.linux-x86_64-2.7
creating /home/mars/MarquetteRMC2021/ros_catkin_ws/build/genpy/lib.linux-x86_64-2.7/genpy
copying src/genpy/__init__.py -> /home/mars/MarquetteRMC2021/ros_catkin_ws/build/genpy/lib.linux-x86_64-2.7/genpy
copying src/genpy/dynamic.py -> /home/mars/MarquetteRMC2021/ros_catkin_ws/build/genpy/lib.linux-x86_64-2.7/genpy
copying src/genpy/generate_initpy.py -> /home/mars/MarquetteRMC2021/ros_catkin_ws/build/genpy/lib.linux-x86_64-2.7/genpy
copying src/genpy/generator.py -> /home/mars/MarquetteRMC2021/ros_catkin_ws/build/genpy/lib.linux-x86_64-2.7/genpy
copying src/genpy/generate_numpy.py -> /home/mars/MarquetteRMC2021/ros_catkin_ws/build/genpy/lib.linux-x86_64-2.7/genpy
copying src/genpy/message.py -> /home/mars/MarquetteRMC2021/ros_catkin_ws/build/genpy/lib.linux-x86_64-2.7/genpy
copying src/genpy/rostime.py -> /home/mars/MarquetteRMC2021/ros_catkin_ws/build/genpy/lib.linux-x86_64-2.7/genpy
copying src/genpy/genpy_main.py -> /home/mars/MarquetteRMC2021/ros_catkin_ws/build/genpy/lib.linux-x86_64-2.7/genpy
copying src/genpy/generate_struct.py -> /home/mars/MarquetteRMC2021/ros_catkin_ws/build/genpy/lib.linux-x86_64-2.7/genpy
copying src/genpy/base.py -> /home/mars/MarquetteRMC2021/ros_catkin_ws/build/genpy/lib.linux-x86_64-2.7/genpy
running install
running install_lib
creating /home/mars/MarquetteRMC2021/ros_catkin_ws/install/lib/python2.7/dist-packages/genpy
copying /home/mars/MarquetteRMC2021/ros_catkin_ws/build/genpy/lib.linux-x86_64-2.7/genpy/__init__.py -> /home/mars/MarquetteRMC2021/ros_catkin_ws/install/lib/python2.7/dist-packages/genpy
copying /home/mars/MarquetteRMC2021/ros_catkin_ws/build/genpy/lib.linux-x86_64-2.7/genpy/dynamic.py -> /home/mars/MarquetteRMC2021/ros_catkin_ws/install/lib/python2.7/dist-packages/genpy
copying /home/mars/MarquetteRMC2021/ros_catkin_ws/build/genpy/lib.linux-x86_64-2.7/genpy/generate_initpy.py -> /home/mars/MarquetteRMC2021/ros_catkin_ws/install/lib/python2.7/dist-packages/genpy
copying /home/mars/MarquetteRMC2021/ros_catkin_ws/build/genpy/lib.linux-x86_64-2.7/genpy/generator.py -> /home/mars/MarquetteRMC2021/ros_catkin_ws/install/lib/python2.7/dist-packages/genpy
copying /home/mars/MarquetteRMC2021/ros_catkin_ws/build/genpy/lib.linux-x86_64-2.7/genpy/generate_numpy.py -> /home/mars/MarquetteRMC2021/ros_catkin_ws/install/lib/python2.7/dist-packages/genpy
copying /home/mars/MarquetteRMC2021/ros_catkin_ws/build/genpy/lib.linux-x86_64-2.7/genpy/message.py -> /home/mars/MarquetteRMC2021/ros_catkin_ws/install/lib/python2.7/dist-packages/genpy
copying /home/mars/MarquetteRMC2021/ros_catkin_ws/build/genpy/lib.linux-x86_64-2.7/genpy/rostime.py -> /home/mars/MarquetteRMC2021/ros_catkin_ws/install/lib/python2.7/dist-packages/genpy
copying /home/mars/MarquetteRMC2021/ros_catkin_ws/build/genpy/lib.linux-x86_64-2.7/genpy/genpy_main.py -> /home/mars/MarquetteRMC2021/ros_catkin_ws/install/lib/python2.7/dist-packages/genpy
copying /home/mars/MarquetteRMC2021/ros_catkin_ws/build/genpy/lib.linux-x86_64-2.7/genpy/generate_struct.py -> /home/mars/MarquetteRMC2021/ros_catkin_ws/install/lib/python2.7/dist-packages/genpy
copying /home/mars/MarquetteRMC2021/ros_catkin_ws/build/genpy/lib.linux-x86_64-2.7/genpy/base.py -> /home/mars/MarquetteRMC2021/ros_catkin_ws/install/lib/python2.7/dist-packages/genpy
byte-compiling /home/mars/MarquetteRMC2021/ros_catkin_ws/install/lib/python2.7/dist-packages/genpy/__init__.py to __init__.pyc
byte-compiling /home/mars/MarquetteRMC2021/ros_catkin_ws/install/lib/python2.7/dist-packages/genpy/dynamic.py to dynamic.pyc
byte-compiling /home/mars/MarquetteRMC2021/ros_catkin_ws/install/lib/python2.7/dist-packages/genpy/generate_initpy.py to generate_initpy.pyc
byte-compiling /home/mars/MarquetteRMC2021/ros_catkin_ws/install/lib/python2.7/dist-packages/genpy/generator.py to generator.pyc
byte-compiling /home/mars/MarquetteRMC2021/ros_catkin_ws/install/lib/python2.7/dist-packages/genpy/generate_numpy.py to generate_numpy.pyc
byte-compiling /home/mars/MarquetteRMC2021/ros_catkin_ws/install/lib/python2.7/dist-packages/genpy/message.py to message.pyc
byte-compiling /home/mars/MarquetteRMC2021/ros_catkin_ws/install/lib/python2.7/dist-packages/genpy/rostime.py to rostime.pyc
byte-compiling /home/mars/MarquetteRMC2021/ros_catkin_ws/install/lib/python2.7/dist-packages/genpy/genpy_main.py to genpy_main.pyc
byte-compiling /home/mars/MarquetteRMC2021/ros_catkin_ws/install/lib/python2.7/dist-packages/genpy/generate_struct.py to generate_struct.pyc
byte-compiling /home/mars/MarquetteRMC2021/ros_catkin_ws/install/lib/python2.7/dist-packages/genpy/base.py to base.pyc
running install_egg_info
Copying /home/mars/MarquetteRMC2021/ros_catkin_ws/build/genpy/genpy.egg-info to /home/mars/MarquetteRMC2021/ros_catkin_ws/install/lib/python2.7/dist-packages/genpy-0.6.14.egg-info
Skipping SOURCES.txt
running install_scripts
-- Installing: /home/mars/MarquetteRMC2021/ros_catkin_ws/install/lib/genpy/genmsg_py.py
-- Installing: /home/mars/MarquetteRMC2021/ros_catkin_ws/install/lib/genpy/gensrv_py.py
