Determining if the pthread_create exist failed with the following output:
Change Dir: /home/mars/MarquetteRMC2021/ros_catkin_ws/build/rosclean/CMakeFiles/CMakeTmp

Run Build Command:"/usr/bin/make" "cmTC_1abcc/fast"
/usr/bin/make -f CMakeFiles/cmTC_1abcc.dir/build.make CMakeFiles/cmTC_1abcc.dir/build
make[1]: Entering directory '/home/mars/MarquetteRMC2021/ros_catkin_ws/build/rosclean/CMakeFiles/CMakeTmp'
Building C object CMakeFiles/cmTC_1abcc.dir/CheckSymbolExists.c.o
/usr/bin/cc    -o CMakeFiles/cmTC_1abcc.dir/CheckSymbolExists.c.o   -c /home/mars/MarquetteRMC2021/ros_catkin_ws/build/rosclean/CMakeFiles/CMakeTmp/CheckSymbolExists.c
Linking C executable cmTC_1abcc
/usr/bin/cmake -E cmake_link_script CMakeFiles/cmTC_1abcc.dir/link.txt --verbose=1
/usr/bin/cc      -rdynamic CMakeFiles/cmTC_1abcc.dir/CheckSymbolExists.c.o  -o cmTC_1abcc 
CMakeFiles/cmTC_1abcc.dir/CheckSymbolExists.c.o: In function `main':
CheckSymbolExists.c:(.text+0x1b): undefined reference to `pthread_create'
collect2: error: ld returned 1 exit status
CMakeFiles/cmTC_1abcc.dir/build.make:97: recipe for target 'cmTC_1abcc' failed
make[1]: *** [cmTC_1abcc] Error 1
make[1]: Leaving directory '/home/mars/MarquetteRMC2021/ros_catkin_ws/build/rosclean/CMakeFiles/CMakeTmp'
Makefile:126: recipe for target 'cmTC_1abcc/fast' failed
make: *** [cmTC_1abcc/fast] Error 2

File /home/mars/MarquetteRMC2021/ros_catkin_ws/build/rosclean/CMakeFiles/CMakeTmp/CheckSymbolExists.c:
/* */
#include <pthread.h>

int main(int argc, char** argv)
{
  (void)argv;
#ifndef pthread_create
  return ((int*)(&pthread_create))[argc];
#else
  (void)argc;
  return 0;
#endif
}

Determining if the function pthread_create exists in the pthreads failed with the following output:
Change Dir: /home/mars/MarquetteRMC2021/ros_catkin_ws/build/rosclean/CMakeFiles/CMakeTmp

Run Build Command:"/usr/bin/make" "cmTC_e3efe/fast"
/usr/bin/make -f CMakeFiles/cmTC_e3efe.dir/build.make CMakeFiles/cmTC_e3efe.dir/build
make[1]: Entering directory '/home/mars/MarquetteRMC2021/ros_catkin_ws/build/rosclean/CMakeFiles/CMakeTmp'
Building C object CMakeFiles/cmTC_e3efe.dir/CheckFunctionExists.c.o
/usr/bin/cc   -DCHECK_FUNCTION_EXISTS=pthread_create   -o CMakeFiles/cmTC_e3efe.dir/CheckFunctionExists.c.o   -c /usr/share/cmake-3.10/Modules/CheckFunctionExists.c
Linking C executable cmTC_e3efe
/usr/bin/cmake -E cmake_link_script CMakeFiles/cmTC_e3efe.dir/link.txt --verbose=1
/usr/bin/cc  -DCHECK_FUNCTION_EXISTS=pthread_create    -rdynamic CMakeFiles/cmTC_e3efe.dir/CheckFunctionExists.c.o  -o cmTC_e3efe -lpthreads 
/usr/bin/ld: cannot find -lpthreads
collect2: error: ld returned 1 exit status
CMakeFiles/cmTC_e3efe.dir/build.make:97: recipe for target 'cmTC_e3efe' failed
make[1]: *** [cmTC_e3efe] Error 1
make[1]: Leaving directory '/home/mars/MarquetteRMC2021/ros_catkin_ws/build/rosclean/CMakeFiles/CMakeTmp'
Makefile:126: recipe for target 'cmTC_e3efe/fast' failed
make: *** [cmTC_e3efe/fast] Error 2


