[36mInstall the project...[0m
-- Install configuration: "Release"
-- Up-to-date: /home/mars/MarquetteRMC2021/ros_catkin_ws/install/_setup_util.py
-- Up-to-date: /home/mars/MarquetteRMC2021/ros_catkin_ws/install/env.sh
-- Up-to-date: /home/mars/MarquetteRMC2021/ros_catkin_ws/install/setup.bash
-- Up-to-date: /home/mars/MarquetteRMC2021/ros_catkin_ws/install/local_setup.bash
-- Up-to-date: /home/mars/MarquetteRMC2021/ros_catkin_ws/install/setup.sh
-- Up-to-date: /home/mars/MarquetteRMC2021/ros_catkin_ws/install/local_setup.sh
-- Up-to-date: /home/mars/MarquetteRMC2021/ros_catkin_ws/install/setup.zsh
-- Up-to-date: /home/mars/MarquetteRMC2021/ros_catkin_ws/install/local_setup.zsh
-- Up-to-date: /home/mars/MarquetteRMC2021/ros_catkin_ws/install/.rosinstall
-- Installing: /home/mars/MarquetteRMC2021/ros_catkin_ws/install/lib/pkgconfig/rosboost_cfg.pc
-- Installing: /home/mars/MarquetteRMC2021/ros_catkin_ws/install/share/rosboost_cfg/cmake/rosboost_cfgConfig.cmake
-- Installing: /home/mars/MarquetteRMC2021/ros_catkin_ws/install/share/rosboost_cfg/cmake/rosboost_cfgConfig-version.cmake
-- Installing: /home/mars/MarquetteRMC2021/ros_catkin_ws/install/share/rosboost_cfg/package.xml
+ cd /home/mars/MarquetteRMC2021/ros_catkin_ws/src/ros/rosboost_cfg
+ mkdir -p /home/mars/MarquetteRMC2021/ros_catkin_ws/install/lib/python2.7/dist-packages
+ /usr/bin/env PYTHONPATH=/home/mars/MarquetteRMC2021/ros_catkin_ws/install/lib/python2.7/dist-packages:/home/mars/MarquetteRMC2021/ros_catkin_ws/build/rosboost_cfg/lib/python2.7/dist-packages:/home/mars/MarquetteRMC2021/ros_catkin_ws/install/lib/python2.7/dist-packages:/opt/ros/melodic/lib/python2.7/dist-packages CATKIN_BINARY_DIR=/home/mars/MarquetteRMC2021/ros_catkin_ws/build/rosboost_cfg /usr/bin/python2 /home/mars/MarquetteRMC2021/ros_catkin_ws/src/ros/rosboost_cfg/setup.py egg_info --egg-base /home/mars/MarquetteRMC2021/ros_catkin_ws/build/rosboost_cfg build --build-base /home/mars/MarquetteRMC2021/ros_catkin_ws/build/rosboost_cfg install --root=/ --install-layout=deb --prefix=/home/mars/MarquetteRMC2021/ros_catkin_ws/install --install-scripts=/home/mars/MarquetteRMC2021/ros_catkin_ws/install/bin
running egg_info
creating /home/mars/MarquetteRMC2021/ros_catkin_ws/build/rosboost_cfg/rosboost_cfg.egg-info
writing /home/mars/MarquetteRMC2021/ros_catkin_ws/build/rosboost_cfg/rosboost_cfg.egg-info/PKG-INFO
writing top-level names to /home/mars/MarquetteRMC2021/ros_catkin_ws/build/rosboost_cfg/rosboost_cfg.egg-info/top_level.txt
writing dependency_links to /home/mars/MarquetteRMC2021/ros_catkin_ws/build/rosboost_cfg/rosboost_cfg.egg-info/dependency_links.txt
writing manifest file '/home/mars/MarquetteRMC2021/ros_catkin_ws/build/rosboost_cfg/rosboost_cfg.egg-info/SOURCES.txt'
reading manifest file '/home/mars/MarquetteRMC2021/ros_catkin_ws/build/rosboost_cfg/rosboost_cfg.egg-info/SOURCES.txt'
writing manifest file '/home/mars/MarquetteRMC2021/ros_catkin_ws/build/rosboost_cfg/rosboost_cfg.egg-info/SOURCES.txt'
running build
running build_py
creating /home/mars/MarquetteRMC2021/ros_catkin_ws/build/rosboost_cfg/lib.linux-x86_64-2.7
creating /home/mars/MarquetteRMC2021/ros_catkin_ws/build/rosboost_cfg/lib.linux-x86_64-2.7/rosboost_cfg
copying src/rosboost_cfg/__init__.py -> /home/mars/MarquetteRMC2021/ros_catkin_ws/build/rosboost_cfg/lib.linux-x86_64-2.7/rosboost_cfg
copying src/rosboost_cfg/rosboost_cfg.py -> /home/mars/MarquetteRMC2021/ros_catkin_ws/build/rosboost_cfg/lib.linux-x86_64-2.7/rosboost_cfg
running build_scripts
creating /home/mars/MarquetteRMC2021/ros_catkin_ws/build/rosboost_cfg/scripts-2.7
copying and adjusting scripts/rosboost-cfg -> /home/mars/MarquetteRMC2021/ros_catkin_ws/build/rosboost_cfg/scripts-2.7
changing mode of /home/mars/MarquetteRMC2021/ros_catkin_ws/build/rosboost_cfg/scripts-2.7/rosboost-cfg from 644 to 755
running install
running install_lib
creating /home/mars/MarquetteRMC2021/ros_catkin_ws/install/lib/python2.7/dist-packages/rosboost_cfg
copying /home/mars/MarquetteRMC2021/ros_catkin_ws/build/rosboost_cfg/lib.linux-x86_64-2.7/rosboost_cfg/__init__.py -> /home/mars/MarquetteRMC2021/ros_catkin_ws/install/lib/python2.7/dist-packages/rosboost_cfg
copying /home/mars/MarquetteRMC2021/ros_catkin_ws/build/rosboost_cfg/lib.linux-x86_64-2.7/rosboost_cfg/rosboost_cfg.py -> /home/mars/MarquetteRMC2021/ros_catkin_ws/install/lib/python2.7/dist-packages/rosboost_cfg
byte-compiling /home/mars/MarquetteRMC2021/ros_catkin_ws/install/lib/python2.7/dist-packages/rosboost_cfg/__init__.py to __init__.pyc
byte-compiling /home/mars/MarquetteRMC2021/ros_catkin_ws/install/lib/python2.7/dist-packages/rosboost_cfg/rosboost_cfg.py to rosboost_cfg.pyc
running install_egg_info
Copying /home/mars/MarquetteRMC2021/ros_catkin_ws/build/rosboost_cfg/rosboost_cfg.egg-info to /home/mars/MarquetteRMC2021/ros_catkin_ws/install/lib/python2.7/dist-packages/rosboost_cfg-1.14.9.egg-info
Skipping SOURCES.txt
running install_scripts
copying /home/mars/MarquetteRMC2021/ros_catkin_ws/build/rosboost_cfg/scripts-2.7/rosboost-cfg -> /home/mars/MarquetteRMC2021/ros_catkin_ws/install/bin
changing mode of /home/mars/MarquetteRMC2021/ros_catkin_ws/install/bin/rosboost-cfg to 755
