[36mInstall the project...[0m
-- Install configuration: "Release"
-- Installing: /home/mars/MarquetteRMC2021/ros_catkin_ws/install/_setup_util.py
-- Installing: /home/mars/MarquetteRMC2021/ros_catkin_ws/install/env.sh
-- Installing: /home/mars/MarquetteRMC2021/ros_catkin_ws/install/setup.bash
-- Installing: /home/mars/MarquetteRMC2021/ros_catkin_ws/install/local_setup.bash
-- Installing: /home/mars/MarquetteRMC2021/ros_catkin_ws/install/setup.sh
-- Installing: /home/mars/MarquetteRMC2021/ros_catkin_ws/install/local_setup.sh
-- Installing: /home/mars/MarquetteRMC2021/ros_catkin_ws/install/setup.zsh
-- Installing: /home/mars/MarquetteRMC2021/ros_catkin_ws/install/local_setup.zsh
-- Installing: /home/mars/MarquetteRMC2021/ros_catkin_ws/install/.rosinstall
-- Installing: /home/mars/MarquetteRMC2021/ros_catkin_ws/install/lib/pkgconfig/gencpp.pc
-- Installing: /home/mars/MarquetteRMC2021/ros_catkin_ws/install/share/gencpp/cmake/gencpp-extras.cmake
-- Installing: /home/mars/MarquetteRMC2021/ros_catkin_ws/install/share/gencpp/cmake/gencppConfig.cmake
-- Installing: /home/mars/MarquetteRMC2021/ros_catkin_ws/install/share/gencpp/cmake/gencppConfig-version.cmake
-- Installing: /home/mars/MarquetteRMC2021/ros_catkin_ws/install/share/gencpp/package.xml
-- Installing: /home/mars/MarquetteRMC2021/ros_catkin_ws/install/etc/ros/genmsg/gencpp
+ cd /home/mars/MarquetteRMC2021/ros_catkin_ws/src/gencpp
+ mkdir -p /home/mars/MarquetteRMC2021/ros_catkin_ws/install/lib/python2.7/dist-packages
+ /usr/bin/env PYTHONPATH=/home/mars/MarquetteRMC2021/ros_catkin_ws/install/lib/python2.7/dist-packages:/home/mars/MarquetteRMC2021/ros_catkin_ws/build/gencpp/lib/python2.7/dist-packages:/home/mars/MarquetteRMC2021/ros_catkin_ws/install/lib/python2.7/dist-packages:/opt/ros/melodic/lib/python2.7/dist-packages CATKIN_BINARY_DIR=/home/mars/MarquetteRMC2021/ros_catkin_ws/build/gencpp /usr/bin/python2 /home/mars/MarquetteRMC2021/ros_catkin_ws/src/gencpp/setup.py egg_info --egg-base /home/mars/MarquetteRMC2021/ros_catkin_ws/build/gencpp build --build-base /home/mars/MarquetteRMC2021/ros_catkin_ws/build/gencpp install --root=/ --install-layout=deb --prefix=/home/mars/MarquetteRMC2021/ros_catkin_ws/install --install-scripts=/home/mars/MarquetteRMC2021/ros_catkin_ws/install/bin
running egg_info
creating /home/mars/MarquetteRMC2021/ros_catkin_ws/build/gencpp/gencpp.egg-info
writing /home/mars/MarquetteRMC2021/ros_catkin_ws/build/gencpp/gencpp.egg-info/PKG-INFO
writing top-level names to /home/mars/MarquetteRMC2021/ros_catkin_ws/build/gencpp/gencpp.egg-info/top_level.txt
writing dependency_links to /home/mars/MarquetteRMC2021/ros_catkin_ws/build/gencpp/gencpp.egg-info/dependency_links.txt
writing manifest file '/home/mars/MarquetteRMC2021/ros_catkin_ws/build/gencpp/gencpp.egg-info/SOURCES.txt'
reading manifest file '/home/mars/MarquetteRMC2021/ros_catkin_ws/build/gencpp/gencpp.egg-info/SOURCES.txt'
writing manifest file '/home/mars/MarquetteRMC2021/ros_catkin_ws/build/gencpp/gencpp.egg-info/SOURCES.txt'
running build
running build_py
creating /home/mars/MarquetteRMC2021/ros_catkin_ws/build/gencpp/lib.linux-x86_64-2.7
creating /home/mars/MarquetteRMC2021/ros_catkin_ws/build/gencpp/lib.linux-x86_64-2.7/gencpp
copying src/gencpp/__init__.py -> /home/mars/MarquetteRMC2021/ros_catkin_ws/build/gencpp/lib.linux-x86_64-2.7/gencpp
running install
running install_lib
creating /home/mars/MarquetteRMC2021/ros_catkin_ws/install/lib/python2.7/dist-packages/gencpp
copying /home/mars/MarquetteRMC2021/ros_catkin_ws/build/gencpp/lib.linux-x86_64-2.7/gencpp/__init__.py -> /home/mars/MarquetteRMC2021/ros_catkin_ws/install/lib/python2.7/dist-packages/gencpp
byte-compiling /home/mars/MarquetteRMC2021/ros_catkin_ws/install/lib/python2.7/dist-packages/gencpp/__init__.py to __init__.pyc
running install_egg_info
Copying /home/mars/MarquetteRMC2021/ros_catkin_ws/build/gencpp/gencpp.egg-info to /home/mars/MarquetteRMC2021/ros_catkin_ws/install/lib/python2.7/dist-packages/gencpp-0.6.5.egg-info
Skipping SOURCES.txt
running install_scripts
-- Installing: /home/mars/MarquetteRMC2021/ros_catkin_ws/install/share/gencpp/msg.h.template
-- Installing: /home/mars/MarquetteRMC2021/ros_catkin_ws/install/share/gencpp/srv.h.template
-- Installing: /home/mars/MarquetteRMC2021/ros_catkin_ws/install/lib/gencpp/gen_cpp.py
