[36mInstall the project...[0m
-- Install configuration: "Release"
-- Installing: /home/mars/MarquetteRMC2021/ros_catkin_ws/install/_setup_util.py
-- Installing: /home/mars/MarquetteRMC2021/ros_catkin_ws/install/env.sh
-- Installing: /home/mars/MarquetteRMC2021/ros_catkin_ws/install/setup.bash
-- Installing: /home/mars/MarquetteRMC2021/ros_catkin_ws/install/local_setup.bash
-- Installing: /home/mars/MarquetteRMC2021/ros_catkin_ws/install/setup.sh
-- Installing: /home/mars/MarquetteRMC2021/ros_catkin_ws/install/local_setup.sh
-- Installing: /home/mars/MarquetteRMC2021/ros_catkin_ws/install/setup.zsh
-- Installing: /home/mars/MarquetteRMC2021/ros_catkin_ws/install/local_setup.zsh
-- Installing: /home/mars/MarquetteRMC2021/ros_catkin_ws/install/.rosinstall
-- Installing: /home/mars/MarquetteRMC2021/ros_catkin_ws/install/lib/pkgconfig/rosmake.pc
-- Installing: /home/mars/MarquetteRMC2021/ros_catkin_ws/install/share/rosmake/cmake/rosmakeConfig.cmake
-- Installing: /home/mars/MarquetteRMC2021/ros_catkin_ws/install/share/rosmake/cmake/rosmakeConfig-version.cmake
-- Installing: /home/mars/MarquetteRMC2021/ros_catkin_ws/install/share/rosmake/package.xml
+ cd /home/mars/MarquetteRMC2021/ros_catkin_ws/src/ros/rosmake
+ mkdir -p /home/mars/MarquetteRMC2021/ros_catkin_ws/install/lib/python2.7/dist-packages
+ /usr/bin/env PYTHONPATH=/home/mars/MarquetteRMC2021/ros_catkin_ws/install/lib/python2.7/dist-packages:/home/mars/MarquetteRMC2021/ros_catkin_ws/build/rosmake/lib/python2.7/dist-packages:/home/mars/MarquetteRMC2021/ros_catkin_ws/install/lib/python2.7/dist-packages:/opt/ros/melodic/lib/python2.7/dist-packages CATKIN_BINARY_DIR=/home/mars/MarquetteRMC2021/ros_catkin_ws/build/rosmake /usr/bin/python2 /home/mars/MarquetteRMC2021/ros_catkin_ws/src/ros/rosmake/setup.py egg_info --egg-base /home/mars/MarquetteRMC2021/ros_catkin_ws/build/rosmake build --build-base /home/mars/MarquetteRMC2021/ros_catkin_ws/build/rosmake install --root=/ --install-layout=deb --prefix=/home/mars/MarquetteRMC2021/ros_catkin_ws/install --install-scripts=/home/mars/MarquetteRMC2021/ros_catkin_ws/install/bin
running egg_info
creating /home/mars/MarquetteRMC2021/ros_catkin_ws/build/rosmake/rosmake.egg-info
writing /home/mars/MarquetteRMC2021/ros_catkin_ws/build/rosmake/rosmake.egg-info/PKG-INFO
writing top-level names to /home/mars/MarquetteRMC2021/ros_catkin_ws/build/rosmake/rosmake.egg-info/top_level.txt
writing dependency_links to /home/mars/MarquetteRMC2021/ros_catkin_ws/build/rosmake/rosmake.egg-info/dependency_links.txt
writing manifest file '/home/mars/MarquetteRMC2021/ros_catkin_ws/build/rosmake/rosmake.egg-info/SOURCES.txt'
reading manifest file '/home/mars/MarquetteRMC2021/ros_catkin_ws/build/rosmake/rosmake.egg-info/SOURCES.txt'
writing manifest file '/home/mars/MarquetteRMC2021/ros_catkin_ws/build/rosmake/rosmake.egg-info/SOURCES.txt'
running build
running build_py
creating /home/mars/MarquetteRMC2021/ros_catkin_ws/build/rosmake/lib.linux-x86_64-2.7
creating /home/mars/MarquetteRMC2021/ros_catkin_ws/build/rosmake/lib.linux-x86_64-2.7/rosmake
copying src/rosmake/__init__.py -> /home/mars/MarquetteRMC2021/ros_catkin_ws/build/rosmake/lib.linux-x86_64-2.7/rosmake
copying src/rosmake/package_stats.py -> /home/mars/MarquetteRMC2021/ros_catkin_ws/build/rosmake/lib.linux-x86_64-2.7/rosmake
copying src/rosmake/engine.py -> /home/mars/MarquetteRMC2021/ros_catkin_ws/build/rosmake/lib.linux-x86_64-2.7/rosmake
copying src/rosmake/gcc_output_parse.py -> /home/mars/MarquetteRMC2021/ros_catkin_ws/build/rosmake/lib.linux-x86_64-2.7/rosmake
copying src/rosmake/parallel_build.py -> /home/mars/MarquetteRMC2021/ros_catkin_ws/build/rosmake/lib.linux-x86_64-2.7/rosmake
running build_scripts
creating /home/mars/MarquetteRMC2021/ros_catkin_ws/build/rosmake/scripts-2.7
copying and adjusting scripts/rosmake -> /home/mars/MarquetteRMC2021/ros_catkin_ws/build/rosmake/scripts-2.7
changing mode of /home/mars/MarquetteRMC2021/ros_catkin_ws/build/rosmake/scripts-2.7/rosmake from 644 to 755
running install
running install_lib
creating /home/mars/MarquetteRMC2021/ros_catkin_ws/install/lib/python2.7/dist-packages/rosmake
copying /home/mars/MarquetteRMC2021/ros_catkin_ws/build/rosmake/lib.linux-x86_64-2.7/rosmake/__init__.py -> /home/mars/MarquetteRMC2021/ros_catkin_ws/install/lib/python2.7/dist-packages/rosmake
copying /home/mars/MarquetteRMC2021/ros_catkin_ws/build/rosmake/lib.linux-x86_64-2.7/rosmake/package_stats.py -> /home/mars/MarquetteRMC2021/ros_catkin_ws/install/lib/python2.7/dist-packages/rosmake
copying /home/mars/MarquetteRMC2021/ros_catkin_ws/build/rosmake/lib.linux-x86_64-2.7/rosmake/engine.py -> /home/mars/MarquetteRMC2021/ros_catkin_ws/install/lib/python2.7/dist-packages/rosmake
copying /home/mars/MarquetteRMC2021/ros_catkin_ws/build/rosmake/lib.linux-x86_64-2.7/rosmake/gcc_output_parse.py -> /home/mars/MarquetteRMC2021/ros_catkin_ws/install/lib/python2.7/dist-packages/rosmake
copying /home/mars/MarquetteRMC2021/ros_catkin_ws/build/rosmake/lib.linux-x86_64-2.7/rosmake/parallel_build.py -> /home/mars/MarquetteRMC2021/ros_catkin_ws/install/lib/python2.7/dist-packages/rosmake
byte-compiling /home/mars/MarquetteRMC2021/ros_catkin_ws/install/lib/python2.7/dist-packages/rosmake/__init__.py to __init__.pyc
byte-compiling /home/mars/MarquetteRMC2021/ros_catkin_ws/install/lib/python2.7/dist-packages/rosmake/package_stats.py to package_stats.pyc
byte-compiling /home/mars/MarquetteRMC2021/ros_catkin_ws/install/lib/python2.7/dist-packages/rosmake/engine.py to engine.pyc
byte-compiling /home/mars/MarquetteRMC2021/ros_catkin_ws/install/lib/python2.7/dist-packages/rosmake/gcc_output_parse.py to gcc_output_parse.pyc
byte-compiling /home/mars/MarquetteRMC2021/ros_catkin_ws/install/lib/python2.7/dist-packages/rosmake/parallel_build.py to parallel_build.pyc
running install_egg_info
Copying /home/mars/MarquetteRMC2021/ros_catkin_ws/build/rosmake/rosmake.egg-info to /home/mars/MarquetteRMC2021/ros_catkin_ws/install/lib/python2.7/dist-packages/rosmake-1.14.9.egg-info
Skipping SOURCES.txt
running install_scripts
copying /home/mars/MarquetteRMC2021/ros_catkin_ws/build/rosmake/scripts-2.7/rosmake -> /home/mars/MarquetteRMC2021/ros_catkin_ws/install/bin
changing mode of /home/mars/MarquetteRMC2021/ros_catkin_ws/install/bin/rosmake to 755
