[01m[K/home/mars/MarquetteRMC2021/ros_catkin_ws/src/orocos_kinematics_dynamics/orocos_kdl/src/path.cpp:[m[K In static member function ‘[01m[Kstatic KDL::Path* KDL::Path::Read(std::istream&)[m[K’:
[01m[K/home/mars/MarquetteRMC2021/ros_catkin_ws/src/orocos_kinematics_dynamics/orocos_kdl/src/path.cpp:81:3:[m[K [01;35m[Kwarning: [m[K‘[01m[Ktemplate<class> class std::auto_ptr[m[K’ is deprecated [[01;35m[K-Wdeprecated-declarations[m[K]
   [01;35m[Kauto_ptr[m[K<RotationalInterpolation> orient( RotationalInterpolation::Read(is) );
   [01;35m[K^~~~~~~~[m[K
In file included from [01m[K/usr/include/c++/7/bits/locale_conv.h:41:0[m[K,
                 from [01m[K/usr/include/c++/7/locale:43[m[K,
                 from [01m[K/usr/include/c++/7/iomanip:43[m[K,
                 from [01m[K/home/mars/MarquetteRMC2021/ros_catkin_ws/src/orocos_kinematics_dynamics/orocos_kdl/src/utilities/utility_io.h:28[m[K,
                 from [01m[K/home/mars/MarquetteRMC2021/ros_catkin_ws/src/orocos_kinematics_dynamics/orocos_kdl/src/utilities/error_stack.h:42[m[K,
                 from [01m[K/home/mars/MarquetteRMC2021/ros_catkin_ws/src/orocos_kinematics_dynamics/orocos_kdl/src/path.cpp:45[m[K:
[01m[K/usr/include/c++/7/bits/unique_ptr.h:51:28:[m[K [01;36m[Knote: [m[Kdeclared here
   template<typename> class [01;36m[Kauto_ptr[m[K;
                            [01;36m[K^~~~~~~~[m[K
[01m[K/home/mars/MarquetteRMC2021/ros_catkin_ws/src/orocos_kinematics_dynamics/orocos_kdl/src/path.cpp:102:3:[m[K [01;35m[Kwarning: [m[K‘[01m[Ktemplate<class> class std::auto_ptr[m[K’ is deprecated [[01;35m[K-Wdeprecated-declarations[m[K]
   [01;35m[Kauto_ptr[m[K<RotationalInterpolation> orient( RotationalInterpolation::Read(is) );
   [01;35m[K^~~~~~~~[m[K
In file included from [01m[K/usr/include/c++/7/bits/locale_conv.h:41:0[m[K,
                 from [01m[K/usr/include/c++/7/locale:43[m[K,
                 from [01m[K/usr/include/c++/7/iomanip:43[m[K,
                 from [01m[K/home/mars/MarquetteRMC2021/ros_catkin_ws/src/orocos_kinematics_dynamics/orocos_kdl/src/utilities/utility_io.h:28[m[K,
                 from [01m[K/home/mars/MarquetteRMC2021/ros_catkin_ws/src/orocos_kinematics_dynamics/orocos_kdl/src/utilities/error_stack.h:42[m[K,
                 from [01m[K/home/mars/MarquetteRMC2021/ros_catkin_ws/src/orocos_kinematics_dynamics/orocos_kdl/src/path.cpp:45[m[K:
[01m[K/usr/include/c++/7/bits/unique_ptr.h:51:28:[m[K [01;36m[Knote: [m[Kdeclared here
   template<typename> class [01;36m[Kauto_ptr[m[K;
                            [01;36m[K^~~~~~~~[m[K
[01m[K/home/mars/MarquetteRMC2021/ros_catkin_ws/src/orocos_kinematics_dynamics/orocos_kdl/src/path.cpp:122:3:[m[K [01;35m[Kwarning: [m[K‘[01m[Ktemplate<class> class std::auto_ptr[m[K’ is deprecated [[01;35m[K-Wdeprecated-declarations[m[K]
   [01;35m[Kauto_ptr[m[K<RotationalInterpolation> orient( RotationalInterpolation::Read(is) );
   [01;35m[K^~~~~~~~[m[K
In file included from [01m[K/usr/include/c++/7/bits/locale_conv.h:41:0[m[K,
                 from [01m[K/usr/include/c++/7/locale:43[m[K,
                 from [01m[K/usr/include/c++/7/iomanip:43[m[K,
                 from [01m[K/home/mars/MarquetteRMC2021/ros_catkin_ws/src/orocos_kinematics_dynamics/orocos_kdl/src/utilities/utility_io.h:28[m[K,
                 from [01m[K/home/mars/MarquetteRMC2021/ros_catkin_ws/src/orocos_kinematics_dynamics/orocos_kdl/src/utilities/error_stack.h:42[m[K,
                 from [01m[K/home/mars/MarquetteRMC2021/ros_catkin_ws/src/orocos_kinematics_dynamics/orocos_kdl/src/path.cpp:45[m[K:
[01m[K/usr/include/c++/7/bits/unique_ptr.h:51:28:[m[K [01;36m[Knote: [m[Kdeclared here
   template<typename> class [01;36m[Kauto_ptr[m[K;
                            [01;36m[K^~~~~~~~[m[K
[01m[K/home/mars/MarquetteRMC2021/ros_catkin_ws/src/orocos_kinematics_dynamics/orocos_kdl/src/path.cpp:123:3:[m[K [01;35m[Kwarning: [m[K‘[01m[Ktemplate<class> class std::auto_ptr[m[K’ is deprecated [[01;35m[K-Wdeprecated-declarations[m[K]
   [01;35m[Kauto_ptr[m[K<Path_RoundedComposite> tr(
   [01;35m[K^~~~~~~~[m[K
In file included from [01m[K/usr/include/c++/7/bits/locale_conv.h:41:0[m[K,
                 from [01m[K/usr/include/c++/7/locale:43[m[K,
                 from [01m[K/usr/include/c++/7/iomanip:43[m[K,
                 from [01m[K/home/mars/MarquetteRMC2021/ros_catkin_ws/src/orocos_kinematics_dynamics/orocos_kdl/src/utilities/utility_io.h:28[m[K,
                 from [01m[K/home/mars/MarquetteRMC2021/ros_catkin_ws/src/orocos_kinematics_dynamics/orocos_kdl/src/utilities/error_stack.h:42[m[K,
                 from [01m[K/home/mars/MarquetteRMC2021/ros_catkin_ws/src/orocos_kinematics_dynamics/orocos_kdl/src/path.cpp:45[m[K:
[01m[K/usr/include/c++/7/bits/unique_ptr.h:51:28:[m[K [01;36m[Knote: [m[Kdeclared here
   template<typename> class [01;36m[Kauto_ptr[m[K;
                            [01;36m[K^~~~~~~~[m[K
[01m[K/home/mars/MarquetteRMC2021/ros_catkin_ws/src/orocos_kinematics_dynamics/orocos_kdl/src/path.cpp:142:3:[m[K [01;35m[Kwarning: [m[K‘[01m[Ktemplate<class> class std::auto_ptr[m[K’ is deprecated [[01;35m[K-Wdeprecated-declarations[m[K]
   [01;35m[Kauto_ptr[m[K<Path_Composite> tr( new Path_Composite() );
   [01;35m[K^~~~~~~~[m[K
In file included from [01m[K/usr/include/c++/7/bits/locale_conv.h:41:0[m[K,
                 from [01m[K/usr/include/c++/7/locale:43[m[K,
                 from [01m[K/usr/include/c++/7/iomanip:43[m[K,
                 from [01m[K/home/mars/MarquetteRMC2021/ros_catkin_ws/src/orocos_kinematics_dynamics/orocos_kdl/src/utilities/utility_io.h:28[m[K,
                 from [01m[K/home/mars/MarquetteRMC2021/ros_catkin_ws/src/orocos_kinematics_dynamics/orocos_kdl/src/utilities/error_stack.h:42[m[K,
                 from [01m[K/home/mars/MarquetteRMC2021/ros_catkin_ws/src/orocos_kinematics_dynamics/orocos_kdl/src/path.cpp:45[m[K:
[01m[K/usr/include/c++/7/bits/unique_ptr.h:51:28:[m[K [01;36m[Knote: [m[Kdeclared here
   template<typename> class [01;36m[Kauto_ptr[m[K;
                            [01;36m[K^~~~~~~~[m[K
[01m[K/home/mars/MarquetteRMC2021/ros_catkin_ws/src/orocos_kinematics_dynamics/orocos_kdl/src/path.cpp:155:3:[m[K [01;35m[Kwarning: [m[K‘[01m[Ktemplate<class> class std::auto_ptr[m[K’ is deprecated [[01;35m[K-Wdeprecated-declarations[m[K]
   [01;35m[Kauto_ptr[m[K<Path> tr( Path::Read(is) );
   [01;35m[K^~~~~~~~[m[K
In file included from [01m[K/usr/include/c++/7/bits/locale_conv.h:41:0[m[K,
                 from [01m[K/usr/include/c++/7/locale:43[m[K,
                 from [01m[K/usr/include/c++/7/iomanip:43[m[K,
                 from [01m[K/home/mars/MarquetteRMC2021/ros_catkin_ws/src/orocos_kinematics_dynamics/orocos_kdl/src/utilities/utility_io.h:28[m[K,
                 from [01m[K/home/mars/MarquetteRMC2021/ros_catkin_ws/src/orocos_kinematics_dynamics/orocos_kdl/src/utilities/error_stack.h:42[m[K,
                 from [01m[K/home/mars/MarquetteRMC2021/ros_catkin_ws/src/orocos_kinematics_dynamics/orocos_kdl/src/path.cpp:45[m[K:
[01m[K/usr/include/c++/7/bits/unique_ptr.h:51:28:[m[K [01;36m[Knote: [m[Kdeclared here
   template<typename> class [01;36m[Kauto_ptr[m[K;
                            [01;36m[K^~~~~~~~[m[K
[01m[K/home/mars/MarquetteRMC2021/ros_catkin_ws/src/orocos_kinematics_dynamics/orocos_kdl/src/path_composite.cpp:[m[K In member function ‘[01m[Kvirtual KDL::Path* KDL::Path_Composite::Clone()[m[K’:
[01m[K/home/mars/MarquetteRMC2021/ros_catkin_ws/src/orocos_kinematics_dynamics/orocos_kdl/src/path_composite.cpp:113:7:[m[K [01;35m[Kwarning: [m[K‘[01m[Ktemplate<class> class std::auto_ptr[m[K’ is deprecated [[01;35m[K-Wdeprecated-declarations[m[K]
  std::[01;35m[Kauto_ptr[m[K<Path_Composite> comp( new Path_Composite() );
       [01;35m[K^~~~~~~~[m[K
In file included from [01m[K/usr/include/c++/7/bits/locale_conv.h:41:0[m[K,
                 from [01m[K/usr/include/c++/7/locale:43[m[K,
                 from [01m[K/usr/include/c++/7/iomanip:43[m[K,
                 from [01m[K/home/mars/MarquetteRMC2021/ros_catkin_ws/src/orocos_kinematics_dynamics/orocos_kdl/src/utilities/utility_io.h:28[m[K,
                 from [01m[K/home/mars/MarquetteRMC2021/ros_catkin_ws/src/orocos_kinematics_dynamics/orocos_kdl/src/frames_io.hpp:79[m[K,
                 from [01m[K/home/mars/MarquetteRMC2021/ros_catkin_ws/src/orocos_kinematics_dynamics/orocos_kdl/src/path_composite.hpp:48[m[K,
                 from [01m[K/home/mars/MarquetteRMC2021/ros_catkin_ws/src/orocos_kinematics_dynamics/orocos_kdl/src/path_composite.cpp:43[m[K:
[01m[K/usr/include/c++/7/bits/unique_ptr.h:51:28:[m[K [01;36m[Knote: [m[Kdeclared here
   template<typename> class [01;36m[Kauto_ptr[m[K;
                            [01;36m[K^~~~~~~~[m[K
[01m[K/home/mars/MarquetteRMC2021/ros_catkin_ws/src/orocos_kinematics_dynamics/orocos_kdl/src/path_roundedcomposite.cpp:[m[K In member function ‘[01m[Kvoid KDL::Path_RoundedComposite::Add(const KDL::Frame&)[m[K’:
[01m[K/home/mars/MarquetteRMC2021/ros_catkin_ws/src/orocos_kinematics_dynamics/orocos_kdl/src/path_roundedcomposite.cpp:107:9:[m[K [01;35m[Kwarning: [m[K‘[01m[Ktemplate<class> class std::auto_ptr[m[K’ is deprecated [[01;35m[K-Wdeprecated-declarations[m[K]
    std::[01;35m[Kauto_ptr[m[K < Path
         [01;35m[K^~~~~~~~[m[K
In file included from [01m[K/usr/include/c++/7/bits/locale_conv.h:41:0[m[K,
                 from [01m[K/usr/include/c++/7/locale:43[m[K,
                 from [01m[K/usr/include/c++/7/iomanip:43[m[K,
                 from [01m[K/home/mars/MarquetteRMC2021/ros_catkin_ws/src/orocos_kinematics_dynamics/orocos_kdl/src/utilities/utility_io.h:28[m[K,
                 from [01m[K/home/mars/MarquetteRMC2021/ros_catkin_ws/src/orocos_kinematics_dynamics/orocos_kdl/src/frames_io.hpp:79[m[K,
                 from [01m[K/home/mars/MarquetteRMC2021/ros_catkin_ws/src/orocos_kinematics_dynamics/orocos_kdl/src/path.hpp:51[m[K,
                 from [01m[K/home/mars/MarquetteRMC2021/ros_catkin_ws/src/orocos_kinematics_dynamics/orocos_kdl/src/path_roundedcomposite.hpp:47[m[K,
                 from [01m[K/home/mars/MarquetteRMC2021/ros_catkin_ws/src/orocos_kinematics_dynamics/orocos_kdl/src/path_roundedcomposite.cpp:43[m[K:
[01m[K/usr/include/c++/7/bits/unique_ptr.h:51:28:[m[K [01;36m[Knote: [m[Kdeclared here
   template<typename> class [01;36m[Kauto_ptr[m[K;
                            [01;36m[K^~~~~~~~[m[K
[01m[K/home/mars/MarquetteRMC2021/ros_catkin_ws/src/orocos_kinematics_dynamics/orocos_kdl/src/path_roundedcomposite.cpp:111:9:[m[K [01;35m[Kwarning: [m[K‘[01m[Ktemplate<class> class std::auto_ptr[m[K’ is deprecated [[01;35m[K-Wdeprecated-declarations[m[K]
    std::[01;35m[Kauto_ptr[m[K < Path
         [01;35m[K^~~~~~~~[m[K
In file included from [01m[K/usr/include/c++/7/bits/locale_conv.h:41:0[m[K,
                 from [01m[K/usr/include/c++/7/locale:43[m[K,
                 from [01m[K/usr/include/c++/7/iomanip:43[m[K,
                 from [01m[K/home/mars/MarquetteRMC2021/ros_catkin_ws/src/orocos_kinematics_dynamics/orocos_kdl/src/utilities/utility_io.h:28[m[K,
                 from [01m[K/home/mars/MarquetteRMC2021/ros_catkin_ws/src/orocos_kinematics_dynamics/orocos_kdl/src/frames_io.hpp:79[m[K,
                 from [01m[K/home/mars/MarquetteRMC2021/ros_catkin_ws/src/orocos_kinematics_dynamics/orocos_kdl/src/path.hpp:51[m[K,
                 from [01m[K/home/mars/MarquetteRMC2021/ros_catkin_ws/src/orocos_kinematics_dynamics/orocos_kdl/src/path_roundedcomposite.hpp:47[m[K,
                 from [01m[K/home/mars/MarquetteRMC2021/ros_catkin_ws/src/orocos_kinematics_dynamics/orocos_kdl/src/path_roundedcomposite.cpp:43[m[K:
[01m[K/usr/include/c++/7/bits/unique_ptr.h:51:28:[m[K [01;36m[Knote: [m[Kdeclared here
   template<typename> class [01;36m[Kauto_ptr[m[K;
                            [01;36m[K^~~~~~~~[m[K
[01m[K/home/mars/MarquetteRMC2021/ros_catkin_ws/src/orocos_kinematics_dynamics/orocos_kdl/src/trajectory.cpp:[m[K In static member function ‘[01m[Kstatic KDL::Trajectory* KDL::Trajectory::Read(std::istream&)[m[K’:
[01m[K/home/mars/MarquetteRMC2021/ros_catkin_ws/src/orocos_kinematics_dynamics/orocos_kdl/src/trajectory.cpp:65:3:[m[K [01;35m[Kwarning: [m[K‘[01m[Ktemplate<class> class std::auto_ptr[m[K’ is deprecated [[01;35m[K-Wdeprecated-declarations[m[K]
   [01;35m[Kauto_ptr[m[K<Path>      geom(    Path::Read(is)       );
   [01;35m[K^~~~~~~~[m[K
In file included from [01m[K/usr/include/c++/7/bits/locale_conv.h:41:0[m[K,
                 from [01m[K/usr/include/c++/7/locale:43[m[K,
                 from [01m[K/usr/include/c++/7/iomanip:43[m[K,
                 from [01m[K/home/mars/MarquetteRMC2021/ros_catkin_ws/src/orocos_kinematics_dynamics/orocos_kdl/src/utilities/utility_io.h:28[m[K,
                 from [01m[K/home/mars/MarquetteRMC2021/ros_catkin_ws/src/orocos_kinematics_dynamics/orocos_kdl/src/utilities/error_stack.h:42[m[K,
                 from [01m[K/home/mars/MarquetteRMC2021/ros_catkin_ws/src/orocos_kinematics_dynamics/orocos_kdl/src/trajectory.cpp:44[m[K:
[01m[K/usr/include/c++/7/bits/unique_ptr.h:51:28:[m[K [01;36m[Knote: [m[Kdeclared here
   template<typename> class [01;36m[Kauto_ptr[m[K;
                            [01;36m[K^~~~~~~~[m[K
[01m[K/home/mars/MarquetteRMC2021/ros_catkin_ws/src/orocos_kinematics_dynamics/orocos_kdl/src/trajectory.cpp:66:3:[m[K [01;35m[Kwarning: [m[K‘[01m[Ktemplate<class> class std::auto_ptr[m[K’ is deprecated [[01;35m[K-Wdeprecated-declarations[m[K]
   [01;35m[Kauto_ptr[m[K<VelocityProfile> motprof( VelocityProfile::Read(is)  );
   [01;35m[K^~~~~~~~[m[K
In file included from [01m[K/usr/include/c++/7/bits/locale_conv.h:41:0[m[K,
                 from [01m[K/usr/include/c++/7/locale:43[m[K,
                 from [01m[K/usr/include/c++/7/iomanip:43[m[K,
                 from [01m[K/home/mars/MarquetteRMC2021/ros_catkin_ws/src/orocos_kinematics_dynamics/orocos_kdl/src/utilities/utility_io.h:28[m[K,
                 from [01m[K/home/mars/MarquetteRMC2021/ros_catkin_ws/src/orocos_kinematics_dynamics/orocos_kdl/src/utilities/error_stack.h:42[m[K,
                 from [01m[K/home/mars/MarquetteRMC2021/ros_catkin_ws/src/orocos_kinematics_dynamics/orocos_kdl/src/trajectory.cpp:44[m[K:
[01m[K/usr/include/c++/7/bits/unique_ptr.h:51:28:[m[K [01;36m[Knote: [m[Kdeclared here
   template<typename> class [01;36m[Kauto_ptr[m[K;
                            [01;36m[K^~~~~~~~[m[K
