[35m[1mScanning dependencies of target orocos-kdl[0m
[  1%] [32mBuilding CXX object src/CMakeFiles/orocos-kdl.dir/articulatedbodyinertia.cpp.o[0m
[  3%] [32mBuilding CXX object src/CMakeFiles/orocos-kdl.dir/chain.cpp.o[0m
[  4%] [32mBuilding CXX object src/CMakeFiles/orocos-kdl.dir/chaindynparam.cpp.o[0m
[  6%] [32mBuilding CXX object src/CMakeFiles/orocos-kdl.dir/chainfksolverpos_recursive.cpp.o[0m
[  8%] [32mBuilding CXX object src/CMakeFiles/orocos-kdl.dir/chainfksolvervel_recursive.cpp.o[0m
[  9%] [32mBuilding CXX object src/CMakeFiles/orocos-kdl.dir/chainidsolver_recursive_newton_euler.cpp.o[0m
[ 11%] [32mBuilding CXX object src/CMakeFiles/orocos-kdl.dir/chainidsolver_vereshchagin.cpp.o[0m
[ 13%] [32mBuilding CXX object src/CMakeFiles/orocos-kdl.dir/chainiksolverpos_lma.cpp.o[0m
[ 14%] [32mBuilding CXX object src/CMakeFiles/orocos-kdl.dir/chainiksolverpos_nr.cpp.o[0m
[ 16%] [32mBuilding CXX object src/CMakeFiles/orocos-kdl.dir/chainiksolverpos_nr_jl.cpp.o[0m
[ 18%] [32mBuilding CXX object src/CMakeFiles/orocos-kdl.dir/chainiksolvervel_pinv.cpp.o[0m
[ 19%] [32mBuilding CXX object src/CMakeFiles/orocos-kdl.dir/chainiksolvervel_pinv_givens.cpp.o[0m
[ 21%] [32mBuilding CXX object src/CMakeFiles/orocos-kdl.dir/chainiksolvervel_pinv_nso.cpp.o[0m
[ 22%] [32mBuilding CXX object src/CMakeFiles/orocos-kdl.dir/chainiksolvervel_wdls.cpp.o[0m
[ 24%] [32mBuilding CXX object src/CMakeFiles/orocos-kdl.dir/chainjnttojacdotsolver.cpp.o[0m
[ 26%] [32mBuilding CXX object src/CMakeFiles/orocos-kdl.dir/chainjnttojacsolver.cpp.o[0m
[ 27%] [32mBuilding CXX object src/CMakeFiles/orocos-kdl.dir/frameacc.cpp.o[0m
[ 29%] [32mBuilding CXX object src/CMakeFiles/orocos-kdl.dir/frames.cpp.o[0m
[ 31%] [32mBuilding CXX object src/CMakeFiles/orocos-kdl.dir/frames_io.cpp.o[0m
[ 32%] [32mBuilding CXX object src/CMakeFiles/orocos-kdl.dir/framevel.cpp.o[0m
[ 34%] [32mBuilding CXX object src/CMakeFiles/orocos-kdl.dir/jacobian.cpp.o[0m
[ 36%] [32mBuilding CXX object src/CMakeFiles/orocos-kdl.dir/jntarray.cpp.o[0m
[ 37%] [32mBuilding CXX object src/CMakeFiles/orocos-kdl.dir/jntarrayacc.cpp.o[0m
[ 39%] [32mBuilding CXX object src/CMakeFiles/orocos-kdl.dir/jntarrayvel.cpp.o[0m
[ 40%] [32mBuilding CXX object src/CMakeFiles/orocos-kdl.dir/jntspaceinertiamatrix.cpp.o[0m
[ 42%] [32mBuilding CXX object src/CMakeFiles/orocos-kdl.dir/joint.cpp.o[0m
[ 44%] [32mBuilding CXX object src/CMakeFiles/orocos-kdl.dir/kinfam_io.cpp.o[0m
[ 45%] [32mBuilding CXX object src/CMakeFiles/orocos-kdl.dir/path.cpp.o[0m
[ 47%] [32mBuilding CXX object src/CMakeFiles/orocos-kdl.dir/path_circle.cpp.o[0m
[ 49%] [32mBuilding CXX object src/CMakeFiles/orocos-kdl.dir/path_composite.cpp.o[0m
[01m[K/home/mars/MarquetteRMC2021/ros_catkin_ws/src/orocos_kinematics_dynamics/orocos_kdl/src/path.cpp:[m[K In static member function ‘[01m[Kstatic KDL::Path* KDL::Path::Read(std::istream&)[m[K’:
[01m[K/home/mars/MarquetteRMC2021/ros_catkin_ws/src/orocos_kinematics_dynamics/orocos_kdl/src/path.cpp:81:3:[m[K [01;35m[Kwarning: [m[K‘[01m[Ktemplate<class> class std::auto_ptr[m[K’ is deprecated [[01;35m[K-Wdeprecated-declarations[m[K]
   [01;35m[Kauto_ptr[m[K<RotationalInterpolation> orient( RotationalInterpolation::Read(is) );
   [01;35m[K^~~~~~~~[m[K
In file included from [01m[K/usr/include/c++/7/bits/locale_conv.h:41:0[m[K,
                 from [01m[K/usr/include/c++/7/locale:43[m[K,
                 from [01m[K/usr/include/c++/7/iomanip:43[m[K,
                 from [01m[K/home/mars/MarquetteRMC2021/ros_catkin_ws/src/orocos_kinematics_dynamics/orocos_kdl/src/utilities/utility_io.h:28[m[K,
                 from [01m[K/home/mars/MarquetteRMC2021/ros_catkin_ws/src/orocos_kinematics_dynamics/orocos_kdl/src/utilities/error_stack.h:42[m[K,
                 from [01m[K/home/mars/MarquetteRMC2021/ros_catkin_ws/src/orocos_kinematics_dynamics/orocos_kdl/src/path.cpp:45[m[K:
[01m[K/usr/include/c++/7/bits/unique_ptr.h:51:28:[m[K [01;36m[Knote: [m[Kdeclared here
   template<typename> class [01;36m[Kauto_ptr[m[K;
                            [01;36m[K^~~~~~~~[m[K
[01m[K/home/mars/MarquetteRMC2021/ros_catkin_ws/src/orocos_kinematics_dynamics/orocos_kdl/src/path.cpp:102:3:[m[K [01;35m[Kwarning: [m[K‘[01m[Ktemplate<class> class std::auto_ptr[m[K’ is deprecated [[01;35m[K-Wdeprecated-declarations[m[K]
   [01;35m[Kauto_ptr[m[K<RotationalInterpolation> orient( RotationalInterpolation::Read(is) );
   [01;35m[K^~~~~~~~[m[K
In file included from [01m[K/usr/include/c++/7/bits/locale_conv.h:41:0[m[K,
                 from [01m[K/usr/include/c++/7/locale:43[m[K,
                 from [01m[K/usr/include/c++/7/iomanip:43[m[K,
                 from [01m[K/home/mars/MarquetteRMC2021/ros_catkin_ws/src/orocos_kinematics_dynamics/orocos_kdl/src/utilities/utility_io.h:28[m[K,
                 from [01m[K/home/mars/MarquetteRMC2021/ros_catkin_ws/src/orocos_kinematics_dynamics/orocos_kdl/src/utilities/error_stack.h:42[m[K,
                 from [01m[K/home/mars/MarquetteRMC2021/ros_catkin_ws/src/orocos_kinematics_dynamics/orocos_kdl/src/path.cpp:45[m[K:
[01m[K/usr/include/c++/7/bits/unique_ptr.h:51:28:[m[K [01;36m[Knote: [m[Kdeclared here
   template<typename> class [01;36m[Kauto_ptr[m[K;
                            [01;36m[K^~~~~~~~[m[K
[01m[K/home/mars/MarquetteRMC2021/ros_catkin_ws/src/orocos_kinematics_dynamics/orocos_kdl/src/path.cpp:122:3:[m[K [01;35m[Kwarning: [m[K‘[01m[Ktemplate<class> class std::auto_ptr[m[K’ is deprecated [[01;35m[K-Wdeprecated-declarations[m[K]
   [01;35m[Kauto_ptr[m[K<RotationalInterpolation> orient( RotationalInterpolation::Read(is) );
   [01;35m[K^~~~~~~~[m[K
In file included from [01m[K/usr/include/c++/7/bits/locale_conv.h:41:0[m[K,
                 from [01m[K/usr/include/c++/7/locale:43[m[K,
                 from [01m[K/usr/include/c++/7/iomanip:43[m[K,
                 from [01m[K/home/mars/MarquetteRMC2021/ros_catkin_ws/src/orocos_kinematics_dynamics/orocos_kdl/src/utilities/utility_io.h:28[m[K,
                 from [01m[K/home/mars/MarquetteRMC2021/ros_catkin_ws/src/orocos_kinematics_dynamics/orocos_kdl/src/utilities/error_stack.h:42[m[K,
                 from [01m[K/home/mars/MarquetteRMC2021/ros_catkin_ws/src/orocos_kinematics_dynamics/orocos_kdl/src/path.cpp:45[m[K:
[01m[K/usr/include/c++/7/bits/unique_ptr.h:51:28:[m[K [01;36m[Knote: [m[Kdeclared here
   template<typename> class [01;36m[Kauto_ptr[m[K;
                            [01;36m[K^~~~~~~~[m[K
[01m[K/home/mars/MarquetteRMC2021/ros_catkin_ws/src/orocos_kinematics_dynamics/orocos_kdl/src/path.cpp:123:3:[m[K [01;35m[Kwarning: [m[K‘[01m[Ktemplate<class> class std::auto_ptr[m[K’ is deprecated [[01;35m[K-Wdeprecated-declarations[m[K]
   [01;35m[Kauto_ptr[m[K<Path_RoundedComposite> tr(
   [01;35m[K^~~~~~~~[m[K
In file included from [01m[K/usr/include/c++/7/bits/locale_conv.h:41:0[m[K,
                 from [01m[K/usr/include/c++/7/locale:43[m[K,
                 from [01m[K/usr/include/c++/7/iomanip:43[m[K,
                 from [01m[K/home/mars/MarquetteRMC2021/ros_catkin_ws/src/orocos_kinematics_dynamics/orocos_kdl/src/utilities/utility_io.h:28[m[K,
                 from [01m[K/home/mars/MarquetteRMC2021/ros_catkin_ws/src/orocos_kinematics_dynamics/orocos_kdl/src/utilities/error_stack.h:42[m[K,
                 from [01m[K/home/mars/MarquetteRMC2021/ros_catkin_ws/src/orocos_kinematics_dynamics/orocos_kdl/src/path.cpp:45[m[K:
[01m[K/usr/include/c++/7/bits/unique_ptr.h:51:28:[m[K [01;36m[Knote: [m[Kdeclared here
   template<typename> class [01;36m[Kauto_ptr[m[K;
                            [01;36m[K^~~~~~~~[m[K
[01m[K/home/mars/MarquetteRMC2021/ros_catkin_ws/src/orocos_kinematics_dynamics/orocos_kdl/src/path.cpp:142:3:[m[K [01;35m[Kwarning: [m[K‘[01m[Ktemplate<class> class std::auto_ptr[m[K’ is deprecated [[01;35m[K-Wdeprecated-declarations[m[K]
   [01;35m[Kauto_ptr[m[K<Path_Composite> tr( new Path_Composite() );
   [01;35m[K^~~~~~~~[m[K
In file included from [01m[K/usr/include/c++/7/bits/locale_conv.h:41:0[m[K,
                 from [01m[K/usr/include/c++/7/locale:43[m[K,
                 from [01m[K/usr/include/c++/7/iomanip:43[m[K,
                 from [01m[K/home/mars/MarquetteRMC2021/ros_catkin_ws/src/orocos_kinematics_dynamics/orocos_kdl/src/utilities/utility_io.h:28[m[K,
                 from [01m[K/home/mars/MarquetteRMC2021/ros_catkin_ws/src/orocos_kinematics_dynamics/orocos_kdl/src/utilities/error_stack.h:42[m[K,
                 from [01m[K/home/mars/MarquetteRMC2021/ros_catkin_ws/src/orocos_kinematics_dynamics/orocos_kdl/src/path.cpp:45[m[K:
[01m[K/usr/include/c++/7/bits/unique_ptr.h:51:28:[m[K [01;36m[Knote: [m[Kdeclared here
   template<typename> class [01;36m[Kauto_ptr[m[K;
                            [01;36m[K^~~~~~~~[m[K
[01m[K/home/mars/MarquetteRMC2021/ros_catkin_ws/src/orocos_kinematics_dynamics/orocos_kdl/src/path.cpp:155:3:[m[K [01;35m[Kwarning: [m[K‘[01m[Ktemplate<class> class std::auto_ptr[m[K’ is deprecated [[01;35m[K-Wdeprecated-declarations[m[K]
   [01;35m[Kauto_ptr[m[K<Path> tr( Path::Read(is) );
   [01;35m[K^~~~~~~~[m[K
In file included from [01m[K/usr/include/c++/7/bits/locale_conv.h:41:0[m[K,
                 from [01m[K/usr/include/c++/7/locale:43[m[K,
                 from [01m[K/usr/include/c++/7/iomanip:43[m[K,
                 from [01m[K/home/mars/MarquetteRMC2021/ros_catkin_ws/src/orocos_kinematics_dynamics/orocos_kdl/src/utilities/utility_io.h:28[m[K,
                 from [01m[K/home/mars/MarquetteRMC2021/ros_catkin_ws/src/orocos_kinematics_dynamics/orocos_kdl/src/utilities/error_stack.h:42[m[K,
                 from [01m[K/home/mars/MarquetteRMC2021/ros_catkin_ws/src/orocos_kinematics_dynamics/orocos_kdl/src/path.cpp:45[m[K:
[01m[K/usr/include/c++/7/bits/unique_ptr.h:51:28:[m[K [01;36m[Knote: [m[Kdeclared here
   template<typename> class [01;36m[Kauto_ptr[m[K;
                            [01;36m[K^~~~~~~~[m[K
[ 50%] [32mBuilding CXX object src/CMakeFiles/orocos-kdl.dir/path_cyclic_closed.cpp.o[0m
[ 52%] [32mBuilding CXX object src/CMakeFiles/orocos-kdl.dir/path_line.cpp.o[0m
[ 54%] [32mBuilding CXX object src/CMakeFiles/orocos-kdl.dir/path_point.cpp.o[0m
[01m[K/home/mars/MarquetteRMC2021/ros_catkin_ws/src/orocos_kinematics_dynamics/orocos_kdl/src/path_composite.cpp:[m[K In member function ‘[01m[Kvirtual KDL::Path* KDL::Path_Composite::Clone()[m[K’:
[01m[K/home/mars/MarquetteRMC2021/ros_catkin_ws/src/orocos_kinematics_dynamics/orocos_kdl/src/path_composite.cpp:113:7:[m[K [01;35m[Kwarning: [m[K‘[01m[Ktemplate<class> class std::auto_ptr[m[K’ is deprecated [[01;35m[K-Wdeprecated-declarations[m[K]
  std::[01;35m[Kauto_ptr[m[K<Path_Composite> comp( new Path_Composite() );
       [01;35m[K^~~~~~~~[m[K
In file included from [01m[K/usr/include/c++/7/bits/locale_conv.h:41:0[m[K,
                 from [01m[K/usr/include/c++/7/locale:43[m[K,
                 from [01m[K/usr/include/c++/7/iomanip:43[m[K,
                 from [01m[K/home/mars/MarquetteRMC2021/ros_catkin_ws/src/orocos_kinematics_dynamics/orocos_kdl/src/utilities/utility_io.h:28[m[K,
                 from [01m[K/home/mars/MarquetteRMC2021/ros_catkin_ws/src/orocos_kinematics_dynamics/orocos_kdl/src/frames_io.hpp:79[m[K,
                 from [01m[K/home/mars/MarquetteRMC2021/ros_catkin_ws/src/orocos_kinematics_dynamics/orocos_kdl/src/path_composite.hpp:48[m[K,
                 from [01m[K/home/mars/MarquetteRMC2021/ros_catkin_ws/src/orocos_kinematics_dynamics/orocos_kdl/src/path_composite.cpp:43[m[K:
[01m[K/usr/include/c++/7/bits/unique_ptr.h:51:28:[m[K [01;36m[Knote: [m[Kdeclared here
   template<typename> class [01;36m[Kauto_ptr[m[K;
                            [01;36m[K^~~~~~~~[m[K
[ 55%] [32mBuilding CXX object src/CMakeFiles/orocos-kdl.dir/path_roundedcomposite.cpp.o[0m
[ 57%] [32mBuilding CXX object src/CMakeFiles/orocos-kdl.dir/rigidbodyinertia.cpp.o[0m
[ 59%] [32mBuilding CXX object src/CMakeFiles/orocos-kdl.dir/rotational_interpolation.cpp.o[0m
[ 60%] [32mBuilding CXX object src/CMakeFiles/orocos-kdl.dir/rotational_interpolation_sa.cpp.o[0m
[01m[K/home/mars/MarquetteRMC2021/ros_catkin_ws/src/orocos_kinematics_dynamics/orocos_kdl/src/path_roundedcomposite.cpp:[m[K In member function ‘[01m[Kvoid KDL::Path_RoundedComposite::Add(const KDL::Frame&)[m[K’:
[01m[K/home/mars/MarquetteRMC2021/ros_catkin_ws/src/orocos_kinematics_dynamics/orocos_kdl/src/path_roundedcomposite.cpp:107:9:[m[K [01;35m[Kwarning: [m[K‘[01m[Ktemplate<class> class std::auto_ptr[m[K’ is deprecated [[01;35m[K-Wdeprecated-declarations[m[K]
    std::[01;35m[Kauto_ptr[m[K < Path
         [01;35m[K^~~~~~~~[m[K
In file included from [01m[K/usr/include/c++/7/bits/locale_conv.h:41:0[m[K,
                 from [01m[K/usr/include/c++/7/locale:43[m[K,
                 from [01m[K/usr/include/c++/7/iomanip:43[m[K,
                 from [01m[K/home/mars/MarquetteRMC2021/ros_catkin_ws/src/orocos_kinematics_dynamics/orocos_kdl/src/utilities/utility_io.h:28[m[K,
                 from [01m[K/home/mars/MarquetteRMC2021/ros_catkin_ws/src/orocos_kinematics_dynamics/orocos_kdl/src/frames_io.hpp:79[m[K,
                 from [01m[K/home/mars/MarquetteRMC2021/ros_catkin_ws/src/orocos_kinematics_dynamics/orocos_kdl/src/path.hpp:51[m[K,
                 from [01m[K/home/mars/MarquetteRMC2021/ros_catkin_ws/src/orocos_kinematics_dynamics/orocos_kdl/src/path_roundedcomposite.hpp:47[m[K,
                 from [01m[K/home/mars/MarquetteRMC2021/ros_catkin_ws/src/orocos_kinematics_dynamics/orocos_kdl/src/path_roundedcomposite.cpp:43[m[K:
[01m[K/usr/include/c++/7/bits/unique_ptr.h:51:28:[m[K [01;36m[Knote: [m[Kdeclared here
   template<typename> class [01;36m[Kauto_ptr[m[K;
                            [01;36m[K^~~~~~~~[m[K
[01m[K/home/mars/MarquetteRMC2021/ros_catkin_ws/src/orocos_kinematics_dynamics/orocos_kdl/src/path_roundedcomposite.cpp:111:9:[m[K [01;35m[Kwarning: [m[K‘[01m[Ktemplate<class> class std::auto_ptr[m[K’ is deprecated [[01;35m[K-Wdeprecated-declarations[m[K]
    std::[01;35m[Kauto_ptr[m[K < Path
         [01;35m[K^~~~~~~~[m[K
In file included from [01m[K/usr/include/c++/7/bits/locale_conv.h:41:0[m[K,
                 from [01m[K/usr/include/c++/7/locale:43[m[K,
                 from [01m[K/usr/include/c++/7/iomanip:43[m[K,
                 from [01m[K/home/mars/MarquetteRMC2021/ros_catkin_ws/src/orocos_kinematics_dynamics/orocos_kdl/src/utilities/utility_io.h:28[m[K,
                 from [01m[K/home/mars/MarquetteRMC2021/ros_catkin_ws/src/orocos_kinematics_dynamics/orocos_kdl/src/frames_io.hpp:79[m[K,
                 from [01m[K/home/mars/MarquetteRMC2021/ros_catkin_ws/src/orocos_kinematics_dynamics/orocos_kdl/src/path.hpp:51[m[K,
                 from [01m[K/home/mars/MarquetteRMC2021/ros_catkin_ws/src/orocos_kinematics_dynamics/orocos_kdl/src/path_roundedcomposite.hpp:47[m[K,
                 from [01m[K/home/mars/MarquetteRMC2021/ros_catkin_ws/src/orocos_kinematics_dynamics/orocos_kdl/src/path_roundedcomposite.cpp:43[m[K:
[01m[K/usr/include/c++/7/bits/unique_ptr.h:51:28:[m[K [01;36m[Knote: [m[Kdeclared here
   template<typename> class [01;36m[Kauto_ptr[m[K;
                            [01;36m[K^~~~~~~~[m[K
[ 62%] [32mBuilding CXX object src/CMakeFiles/orocos-kdl.dir/rotationalinertia.cpp.o[0m
[ 63%] [32mBuilding CXX object src/CMakeFiles/orocos-kdl.dir/segment.cpp.o[0m
[ 65%] [32mBuilding CXX object src/CMakeFiles/orocos-kdl.dir/trajectory.cpp.o[0m
[ 67%] [32mBuilding CXX object src/CMakeFiles/orocos-kdl.dir/trajectory_composite.cpp.o[0m
[ 68%] [32mBuilding CXX object src/CMakeFiles/orocos-kdl.dir/trajectory_segment.cpp.o[0m
[ 70%] [32mBuilding CXX object src/CMakeFiles/orocos-kdl.dir/trajectory_stationary.cpp.o[0m
[01m[K/home/mars/MarquetteRMC2021/ros_catkin_ws/src/orocos_kinematics_dynamics/orocos_kdl/src/trajectory.cpp:[m[K In static member function ‘[01m[Kstatic KDL::Trajectory* KDL::Trajectory::Read(std::istream&)[m[K’:
[01m[K/home/mars/MarquetteRMC2021/ros_catkin_ws/src/orocos_kinematics_dynamics/orocos_kdl/src/trajectory.cpp:65:3:[m[K [01;35m[Kwarning: [m[K‘[01m[Ktemplate<class> class std::auto_ptr[m[K’ is deprecated [[01;35m[K-Wdeprecated-declarations[m[K]
   [01;35m[Kauto_ptr[m[K<Path>      geom(    Path::Read(is)       );
   [01;35m[K^~~~~~~~[m[K
In file included from [01m[K/usr/include/c++/7/bits/locale_conv.h:41:0[m[K,
                 from [01m[K/usr/include/c++/7/locale:43[m[K,
                 from [01m[K/usr/include/c++/7/iomanip:43[m[K,
                 from [01m[K/home/mars/MarquetteRMC2021/ros_catkin_ws/src/orocos_kinematics_dynamics/orocos_kdl/src/utilities/utility_io.h:28[m[K,
                 from [01m[K/home/mars/MarquetteRMC2021/ros_catkin_ws/src/orocos_kinematics_dynamics/orocos_kdl/src/utilities/error_stack.h:42[m[K,
                 from [01m[K/home/mars/MarquetteRMC2021/ros_catkin_ws/src/orocos_kinematics_dynamics/orocos_kdl/src/trajectory.cpp:44[m[K:
[01m[K/usr/include/c++/7/bits/unique_ptr.h:51:28:[m[K [01;36m[Knote: [m[Kdeclared here
   template<typename> class [01;36m[Kauto_ptr[m[K;
                            [01;36m[K^~~~~~~~[m[K
[01m[K/home/mars/MarquetteRMC2021/ros_catkin_ws/src/orocos_kinematics_dynamics/orocos_kdl/src/trajectory.cpp:66:3:[m[K [01;35m[Kwarning: [m[K‘[01m[Ktemplate<class> class std::auto_ptr[m[K’ is deprecated [[01;35m[K-Wdeprecated-declarations[m[K]
   [01;35m[Kauto_ptr[m[K<VelocityProfile> motprof( VelocityProfile::Read(is)  );
   [01;35m[K^~~~~~~~[m[K
In file included from [01m[K/usr/include/c++/7/bits/locale_conv.h:41:0[m[K,
                 from [01m[K/usr/include/c++/7/locale:43[m[K,
                 from [01m[K/usr/include/c++/7/iomanip:43[m[K,
                 from [01m[K/home/mars/MarquetteRMC2021/ros_catkin_ws/src/orocos_kinematics_dynamics/orocos_kdl/src/utilities/utility_io.h:28[m[K,
                 from [01m[K/home/mars/MarquetteRMC2021/ros_catkin_ws/src/orocos_kinematics_dynamics/orocos_kdl/src/utilities/error_stack.h:42[m[K,
                 from [01m[K/home/mars/MarquetteRMC2021/ros_catkin_ws/src/orocos_kinematics_dynamics/orocos_kdl/src/trajectory.cpp:44[m[K:
[01m[K/usr/include/c++/7/bits/unique_ptr.h:51:28:[m[K [01;36m[Knote: [m[Kdeclared here
   template<typename> class [01;36m[Kauto_ptr[m[K;
                            [01;36m[K^~~~~~~~[m[K
[ 72%] [32mBuilding CXX object src/CMakeFiles/orocos-kdl.dir/tree.cpp.o[0m
[ 73%] [32mBuilding CXX object src/CMakeFiles/orocos-kdl.dir/treefksolverpos_recursive.cpp.o[0m
[ 75%] [32mBuilding CXX object src/CMakeFiles/orocos-kdl.dir/treeiksolverpos_nr_jl.cpp.o[0m
[ 77%] [32mBuilding CXX object src/CMakeFiles/orocos-kdl.dir/treeiksolverpos_online.cpp.o[0m
[ 78%] [32mBuilding CXX object src/CMakeFiles/orocos-kdl.dir/treeiksolvervel_wdls.cpp.o[0m
[ 80%] [32mBuilding CXX object src/CMakeFiles/orocos-kdl.dir/treejnttojacsolver.cpp.o[0m
[ 81%] [32mBuilding CXX object src/CMakeFiles/orocos-kdl.dir/utilities/svd_HH.cpp.o[0m
[ 83%] [32mBuilding CXX object src/CMakeFiles/orocos-kdl.dir/utilities/svd_eigen_HH.cpp.o[0m
[ 85%] [32mBuilding CXX object src/CMakeFiles/orocos-kdl.dir/velocityprofile.cpp.o[0m
[ 86%] [32mBuilding CXX object src/CMakeFiles/orocos-kdl.dir/velocityprofile_dirac.cpp.o[0m
[ 88%] [32mBuilding CXX object src/CMakeFiles/orocos-kdl.dir/velocityprofile_rect.cpp.o[0m
[ 90%] [32mBuilding CXX object src/CMakeFiles/orocos-kdl.dir/velocityprofile_spline.cpp.o[0m
[ 91%] [32mBuilding CXX object src/CMakeFiles/orocos-kdl.dir/velocityprofile_trap.cpp.o[0m
[ 93%] [32mBuilding CXX object src/CMakeFiles/orocos-kdl.dir/velocityprofile_traphalf.cpp.o[0m
[ 95%] [32mBuilding CXX object src/CMakeFiles/orocos-kdl.dir/utilities/error_stack.cxx.o[0m
[ 96%] [32mBuilding CXX object src/CMakeFiles/orocos-kdl.dir/utilities/utility.cxx.o[0m
[ 98%] [32mBuilding CXX object src/CMakeFiles/orocos-kdl.dir/utilities/utility_io.cxx.o[0m
[100%] [32m[1mLinking CXX shared library liborocos-kdl.so[0m
[100%] Built target orocos-kdl
