Symlinking /home/mars/MarquetteRMC2021/ros_catkin_ws/devel/./local_setup.sh
Symlinking /home/mars/MarquetteRMC2021/ros_catkin_ws/devel/./setup.bash
Symlinking /home/mars/MarquetteRMC2021/ros_catkin_ws/devel/./local_setup.bash
Symlinking /home/mars/MarquetteRMC2021/ros_catkin_ws/devel/./setup.zsh
Symlinking /home/mars/MarquetteRMC2021/ros_catkin_ws/devel/./env.sh
Symlinking /home/mars/MarquetteRMC2021/ros_catkin_ws/devel/./setup.sh
Symlinking /home/mars/MarquetteRMC2021/ros_catkin_ws/devel/./local_setup.zsh
Symlinking /home/mars/MarquetteRMC2021/ros_catkin_ws/devel/./cmake.lock
Symlinking /home/mars/MarquetteRMC2021/ros_catkin_ws/devel/./_setup_util.py
Symlinking /home/mars/MarquetteRMC2021/ros_catkin_ws/devel/share/catkin/cmake/catkinConfig.cmake
Symlinking /home/mars/MarquetteRMC2021/ros_catkin_ws/devel/share/catkin/cmake/catkinConfig-version.cmake
Symlinking /home/mars/MarquetteRMC2021/ros_catkin_ws/devel/lib/python3/dist-packages/catkin/__init__.py
Symlinking /home/mars/MarquetteRMC2021/ros_catkin_ws/devel/lib/pkgconfig/catkin.pc
Symlinking /home/mars/MarquetteRMC2021/ros_catkin_ws/devel/bin/catkin_test_results
Symlinking /home/mars/MarquetteRMC2021/ros_catkin_ws/devel/bin/catkin_init_workspace
Symlinking /home/mars/MarquetteRMC2021/ros_catkin_ws/devel/bin/cmake.lock
Symlinking /home/mars/MarquetteRMC2021/ros_catkin_ws/devel/bin/catkin_make_isolated
Symlinking /home/mars/MarquetteRMC2021/ros_catkin_ws/devel/bin/catkin_make
Symlinking /home/mars/MarquetteRMC2021/ros_catkin_ws/devel/bin/catkin_topological_order
Symlinking /home/mars/MarquetteRMC2021/ros_catkin_ws/devel/bin/catkin_find
Symlinking /home/mars/MarquetteRMC2021/ros_catkin_ws/devel/etc/catkin/profile.d/05.catkin_make_isolated.bash
Symlinking /home/mars/MarquetteRMC2021/ros_catkin_ws/devel/etc/catkin/profile.d/05.catkin_make.bash
