Determining if the pthread_create exist failed with the following output:
Change Dir: /home/mars/MarquetteRMC2021/ros_catkin_ws/build_isolated/class_loader/CMakeFiles/CMakeTmp

Run Build Command:"/usr/bin/make" "cmTC_5f65c/fast"
/usr/bin/make -f CMakeFiles/cmTC_5f65c.dir/build.make CMakeFiles/cmTC_5f65c.dir/build
make[1]: Entering directory '/home/mars/MarquetteRMC2021/ros_catkin_ws/build_isolated/class_loader/CMakeFiles/CMakeTmp'
Building CXX object CMakeFiles/cmTC_5f65c.dir/CheckSymbolExists.cxx.o
/usr/bin/c++     -o CMakeFiles/cmTC_5f65c.dir/CheckSymbolExists.cxx.o -c /home/mars/MarquetteRMC2021/ros_catkin_ws/build_isolated/class_loader/CMakeFiles/CMakeTmp/CheckSymbolExists.cxx
Linking CXX executable cmTC_5f65c
/usr/bin/cmake -E cmake_link_script CMakeFiles/cmTC_5f65c.dir/link.txt --verbose=1
/usr/bin/c++       CMakeFiles/cmTC_5f65c.dir/CheckSymbolExists.cxx.o  -o cmTC_5f65c 
CMakeFiles/cmTC_5f65c.dir/CheckSymbolExists.cxx.o: In function `main':
CheckSymbolExists.cxx:(.text+0x1b): undefined reference to `pthread_create'
collect2: error: ld returned 1 exit status
CMakeFiles/cmTC_5f65c.dir/build.make:97: recipe for target 'cmTC_5f65c' failed
make[1]: *** [cmTC_5f65c] Error 1
make[1]: Leaving directory '/home/mars/MarquetteRMC2021/ros_catkin_ws/build_isolated/class_loader/CMakeFiles/CMakeTmp'
Makefile:126: recipe for target 'cmTC_5f65c/fast' failed
make: *** [cmTC_5f65c/fast] Error 2

File /home/mars/MarquetteRMC2021/ros_catkin_ws/build_isolated/class_loader/CMakeFiles/CMakeTmp/CheckSymbolExists.cxx:
/* */
#include <pthread.h>

int main(int argc, char** argv)
{
  (void)argv;
#ifndef pthread_create
  return ((int*)(&pthread_create))[argc];
#else
  (void)argc;
  return 0;
#endif
}

Determining if the function pthread_create exists in the pthreads failed with the following output:
Change Dir: /home/mars/MarquetteRMC2021/ros_catkin_ws/build_isolated/class_loader/CMakeFiles/CMakeTmp

Run Build Command:"/usr/bin/make" "cmTC_7a1ca/fast"
/usr/bin/make -f CMakeFiles/cmTC_7a1ca.dir/build.make CMakeFiles/cmTC_7a1ca.dir/build
make[1]: Entering directory '/home/mars/MarquetteRMC2021/ros_catkin_ws/build_isolated/class_loader/CMakeFiles/CMakeTmp'
Building CXX object CMakeFiles/cmTC_7a1ca.dir/CheckFunctionExists.cxx.o
/usr/bin/c++    -DCHECK_FUNCTION_EXISTS=pthread_create   -o CMakeFiles/cmTC_7a1ca.dir/CheckFunctionExists.cxx.o -c /home/mars/MarquetteRMC2021/ros_catkin_ws/build_isolated/class_loader/CMakeFiles/CheckLibraryExists/CheckFunctionExists.cxx
Linking CXX executable cmTC_7a1ca
/usr/bin/cmake -E cmake_link_script CMakeFiles/cmTC_7a1ca.dir/link.txt --verbose=1
/usr/bin/c++   -DCHECK_FUNCTION_EXISTS=pthread_create    CMakeFiles/cmTC_7a1ca.dir/CheckFunctionExists.cxx.o  -o cmTC_7a1ca -lpthreads 
/usr/bin/ld: cannot find -lpthreads
collect2: error: ld returned 1 exit status
CMakeFiles/cmTC_7a1ca.dir/build.make:97: recipe for target 'cmTC_7a1ca' failed
make[1]: *** [cmTC_7a1ca] Error 1
make[1]: Leaving directory '/home/mars/MarquetteRMC2021/ros_catkin_ws/build_isolated/class_loader/CMakeFiles/CMakeTmp'
Makefile:126: recipe for target 'cmTC_7a1ca/fast' failed
make: *** [cmTC_7a1ca/fast] Error 2


