Not searching for unused variables given on the command line.
[36m--[0m The C compiler identification is GNU 7.5.0
[36m--[0m The CXX compiler identification is GNU 7.5.0
[36m--[0m Check for working C compiler: /usr/bin/cc
[36m--[0m Check for working C compiler: /usr/bin/cc -- works
[36m--[0m Detecting C compiler ABI info
[36m--[0m Detecting C compiler ABI info - done
[36m--[0m Detecting C compile features
[36m--[0m Detecting C compile features - done
[36m--[0m Check for working CXX compiler: /usr/bin/c++
[36m--[0m Check for working CXX compiler: /usr/bin/c++ -- works
[36m--[0m Detecting CXX compiler ABI info
[36m--[0m Detecting CXX compiler ABI info - done
[36m--[0m Detecting CXX compile features
[36m--[0m Detecting CXX compile features - done
[36m--[0m Stage version 4.3.0
[36m--[0m Operating system is Linux
[36m--[0m Installing Libraries to /home/mars/MarquetteRMC2021/ros_catkin_ws/install/lib
[36m--[0m Installing Plugins to /home/mars/MarquetteRMC2021/ros_catkin_ws/install/lib/Stage-4.3
[36m--[0m Build type RELEASE
[36m--[0m Checking for libtool
[36m--[0m Checking for required libraries...
[36m--[0m Found JPEG: /usr/lib/x86_64-linux-gnu/libjpeg.so
[36m--[0m Found ZLIB: /usr/lib/x86_64-linux-gnu/libz.so (found version "1.2.11")
[36m--[0m Found PNG: /usr/lib/x86_64-linux-gnu/libpng.so (found version "1.6.34")
[36m--[0m Found OpenGL: /usr/lib/x86_64-linux-gnu/libOpenGL.so
[36m--[0m Looking for XOpenDisplay in /usr/lib/x86_64-linux-gnu/libX11.so;/usr/lib/x86_64-linux-gnu/libXext.so
[36m--[0m Looking for XOpenDisplay in /usr/lib/x86_64-linux-gnu/libX11.so;/usr/lib/x86_64-linux-gnu/libXext.so - found
[36m--[0m Looking for gethostbyname
[36m--[0m Looking for gethostbyname - found
[36m--[0m Looking for connect
[36m--[0m Looking for connect - found
[36m--[0m Looking for remove
[36m--[0m Looking for remove - found
[36m--[0m Looking for shmat
[36m--[0m Looking for shmat - found
[36m--[0m Looking for IceConnectionNumber in ICE
[36m--[0m Looking for IceConnectionNumber in ICE - found
[36m--[0m Found X11: /usr/lib/x86_64-linux-gnu/libX11.so
[36m--[0m Found FLTK: fltk_images;fltk_forms;fltk_gl;/usr/lib/x86_64-linux-gnu/libGL.so;fltk
[36m--[0m Checking for optional libraries...
[36m--[0m Installation path CMAKE_INSTALL_PREFIX=/home/mars/MarquetteRMC2021/ros_catkin_ws/install
[36m--[0m Configuring libstage
[36m--[0m Found PkgConfig: /usr/bin/pkg-config (found version "0.29.1")
[36m--[0m Checking for one of the modules 'playercore>=2.1.0'
[36m--[0m   * Player not detected. If Player is installed but not detected, check your PKG_CONFIG_PATH.
[36m--[0m Configuring done
[36m--[0m Generating done
[36m--[0m Build files have been written to: /home/mars/MarquetteRMC2021/ros_catkin_ws/build/stage
