[ 57%] Built target stage
[ 61%] Built target stagebinary
[ 64%] Built target pioneer_flocking
[ 67%] Built target rasterize
[ 71%] Built target wander
[ 74%] Built target source
[ 79%] Built target fasr2
[ 83%] Built target sink
[ 86%] Built target lasernoise
[ 89%] Built target dynamic
[ 93%] Built target fasr
[ 96%] Built target expand_pioneer
[100%] Built target expand_swarm
[36mInstall the project...[0m
-- Install configuration: "RELEASE"
-- Installing: /home/mars/MarquetteRMC2021/ros_catkin_ws/install/lib/pkgconfig/stage.pc
-- Installing: /home/mars/MarquetteRMC2021/ros_catkin_ws/install/share/stage/package.xml
-- Installing: /home/mars/MarquetteRMC2021/ros_catkin_ws/install/lib/cmake/Stage/stage-config.cmake
-- Installing: /home/mars/MarquetteRMC2021/ros_catkin_ws/install/lib/cmake/Stage/stage-config-version.cmake
-- Installing: /home/mars/MarquetteRMC2021/ros_catkin_ws/install/bin/stage
-- Set runtime path of "/home/mars/MarquetteRMC2021/ros_catkin_ws/install/bin/stage" to ""
-- Installing: /home/mars/MarquetteRMC2021/ros_catkin_ws/install/lib/libstage.so.4.3.0
-- Installing: /home/mars/MarquetteRMC2021/ros_catkin_ws/install/lib/libstage.so
-- Installing: /home/mars/MarquetteRMC2021/ros_catkin_ws/install/include/Stage-4.3/stage.hh
-- Installing: /home/mars/MarquetteRMC2021/ros_catkin_ws/install/lib/Stage-4.3/fasr.so
-- Set runtime path of "/home/mars/MarquetteRMC2021/ros_catkin_ws/install/lib/Stage-4.3/fasr.so" to ""
-- Installing: /home/mars/MarquetteRMC2021/ros_catkin_ws/install/lib/Stage-4.3/sink.so
-- Set runtime path of "/home/mars/MarquetteRMC2021/ros_catkin_ws/install/lib/Stage-4.3/sink.so" to ""
-- Installing: /home/mars/MarquetteRMC2021/ros_catkin_ws/install/lib/Stage-4.3/source.so
-- Set runtime path of "/home/mars/MarquetteRMC2021/ros_catkin_ws/install/lib/Stage-4.3/source.so" to ""
-- Installing: /home/mars/MarquetteRMC2021/ros_catkin_ws/install/lib/Stage-4.3/wander.so
-- Set runtime path of "/home/mars/MarquetteRMC2021/ros_catkin_ws/install/lib/Stage-4.3/wander.so" to ""
-- Installing: /home/mars/MarquetteRMC2021/ros_catkin_ws/install/lib/Stage-4.3/pioneer_flocking.so
-- Set runtime path of "/home/mars/MarquetteRMC2021/ros_catkin_ws/install/lib/Stage-4.3/pioneer_flocking.so" to ""
-- Installing: /home/mars/MarquetteRMC2021/ros_catkin_ws/install/lib/Stage-4.3/rasterize.so
-- Set runtime path of "/home/mars/MarquetteRMC2021/ros_catkin_ws/install/lib/Stage-4.3/rasterize.so" to ""
-- Installing: /home/mars/MarquetteRMC2021/ros_catkin_ws/install/lib/Stage-4.3/lasernoise.so
-- Set runtime path of "/home/mars/MarquetteRMC2021/ros_catkin_ws/install/lib/Stage-4.3/lasernoise.so" to ""
-- Installing: /home/mars/MarquetteRMC2021/ros_catkin_ws/install/lib/Stage-4.3/dynamic.so
-- Set runtime path of "/home/mars/MarquetteRMC2021/ros_catkin_ws/install/lib/Stage-4.3/dynamic.so" to ""
-- Installing: /home/mars/MarquetteRMC2021/ros_catkin_ws/install/lib/Stage-4.3/fasr2.so
-- Set runtime path of "/home/mars/MarquetteRMC2021/ros_catkin_ws/install/lib/Stage-4.3/fasr2.so" to ""
-- Installing: /home/mars/MarquetteRMC2021/ros_catkin_ws/install/share/stage/assets/blue.png
-- Installing: /home/mars/MarquetteRMC2021/ros_catkin_ws/install/share/stage/assets/death.png
-- Installing: /home/mars/MarquetteRMC2021/ros_catkin_ws/install/share/stage/assets/green.png
-- Installing: /home/mars/MarquetteRMC2021/ros_catkin_ws/install/share/stage/assets/logo.png
-- Installing: /home/mars/MarquetteRMC2021/ros_catkin_ws/install/share/stage/assets/mains.png
-- Installing: /home/mars/MarquetteRMC2021/ros_catkin_ws/install/share/stage/assets/mainspower.png
-- Installing: /home/mars/MarquetteRMC2021/ros_catkin_ws/install/share/stage/assets/question_mark.png
-- Installing: /home/mars/MarquetteRMC2021/ros_catkin_ws/install/share/stage/assets/red.png
-- Installing: /home/mars/MarquetteRMC2021/ros_catkin_ws/install/share/stage/assets/stagelogo.png
-- Installing: /home/mars/MarquetteRMC2021/ros_catkin_ws/install/share/stage/assets/stall-old.png
-- Installing: /home/mars/MarquetteRMC2021/ros_catkin_ws/install/share/stage/assets/stall.png
-- Installing: /home/mars/MarquetteRMC2021/ros_catkin_ws/install/share/stage/assets/rgb.txt
-- Installing: /home/mars/MarquetteRMC2021/ros_catkin_ws/install/share/stage/rgb.txt
-- Installing: /home/mars/MarquetteRMC2021/ros_catkin_ws/install/share/stage/worlds/amcl-sonar.cfg
-- Installing: /home/mars/MarquetteRMC2021/ros_catkin_ws/install/share/stage/worlds/autolab.cfg
-- Installing: /home/mars/MarquetteRMC2021/ros_catkin_ws/install/share/stage/worlds/camera.cfg
-- Installing: /home/mars/MarquetteRMC2021/ros_catkin_ws/install/share/stage/worlds/everything.cfg
-- Installing: /home/mars/MarquetteRMC2021/ros_catkin_ws/install/share/stage/worlds/lsp_test.cfg
-- Installing: /home/mars/MarquetteRMC2021/ros_catkin_ws/install/share/stage/worlds/mbicp.cfg
-- Installing: /home/mars/MarquetteRMC2021/ros_catkin_ws/install/share/stage/worlds/nd.cfg
-- Installing: /home/mars/MarquetteRMC2021/ros_catkin_ws/install/share/stage/worlds/roomba.cfg
-- Installing: /home/mars/MarquetteRMC2021/ros_catkin_ws/install/share/stage/worlds/simple.cfg
-- Installing: /home/mars/MarquetteRMC2021/ros_catkin_ws/install/share/stage/worlds/test.cfg
-- Installing: /home/mars/MarquetteRMC2021/ros_catkin_ws/install/share/stage/worlds/uoa_robotics_lab.cfg
-- Installing: /home/mars/MarquetteRMC2021/ros_catkin_ws/install/share/stage/worlds/vfh.cfg
-- Installing: /home/mars/MarquetteRMC2021/ros_catkin_ws/install/share/stage/worlds/wavefront-remote.cfg
-- Installing: /home/mars/MarquetteRMC2021/ros_catkin_ws/install/share/stage/worlds/wavefront.cfg
-- Installing: /home/mars/MarquetteRMC2021/ros_catkin_ws/install/share/stage/worlds/wifi.cfg
-- Installing: /home/mars/MarquetteRMC2021/ros_catkin_ws/install/share/stage/worlds/SFU.world
-- Installing: /home/mars/MarquetteRMC2021/ros_catkin_ws/install/share/stage/worlds/autolab.world
-- Installing: /home/mars/MarquetteRMC2021/ros_catkin_ws/install/share/stage/worlds/camera.world
-- Installing: /home/mars/MarquetteRMC2021/ros_catkin_ws/install/share/stage/worlds/everything.world
-- Installing: /home/mars/MarquetteRMC2021/ros_catkin_ws/install/share/stage/worlds/fasr.world
-- Installing: /home/mars/MarquetteRMC2021/ros_catkin_ws/install/share/stage/worlds/fasr2.world
-- Installing: /home/mars/MarquetteRMC2021/ros_catkin_ws/install/share/stage/worlds/fasr_plan.world
-- Installing: /home/mars/MarquetteRMC2021/ros_catkin_ws/install/share/stage/worlds/large.world
-- Installing: /home/mars/MarquetteRMC2021/ros_catkin_ws/install/share/stage/worlds/lsp_test.world
-- Installing: /home/mars/MarquetteRMC2021/ros_catkin_ws/install/share/stage/worlds/mbicp.world
-- Installing: /home/mars/MarquetteRMC2021/ros_catkin_ws/install/share/stage/worlds/pioneer_flocking.world
-- Installing: /home/mars/MarquetteRMC2021/ros_catkin_ws/install/share/stage/worlds/pioneer_walle.world
-- Installing: /home/mars/MarquetteRMC2021/ros_catkin_ws/install/share/stage/worlds/roomba.world
-- Installing: /home/mars/MarquetteRMC2021/ros_catkin_ws/install/share/stage/worlds/sensor_noise_demo.world
-- Installing: /home/mars/MarquetteRMC2021/ros_catkin_ws/install/share/stage/worlds/sensor_noise_module_demo.world
-- Installing: /home/mars/MarquetteRMC2021/ros_catkin_ws/install/share/stage/worlds/simple.world
-- Installing: /home/mars/MarquetteRMC2021/ros_catkin_ws/install/share/stage/worlds/uoa_robotics_lab.world
-- Installing: /home/mars/MarquetteRMC2021/ros_catkin_ws/install/share/stage/worlds/wifi.world
-- Installing: /home/mars/MarquetteRMC2021/ros_catkin_ws/install/share/stage/worlds/beacons.inc
-- Installing: /home/mars/MarquetteRMC2021/ros_catkin_ws/install/share/stage/worlds/chatterbox.inc
-- Installing: /home/mars/MarquetteRMC2021/ros_catkin_ws/install/share/stage/worlds/hokuyo.inc
-- Installing: /home/mars/MarquetteRMC2021/ros_catkin_ws/install/share/stage/worlds/irobot.inc
-- Installing: /home/mars/MarquetteRMC2021/ros_catkin_ws/install/share/stage/worlds/map.inc
-- Installing: /home/mars/MarquetteRMC2021/ros_catkin_ws/install/share/stage/worlds/objects.inc
-- Installing: /home/mars/MarquetteRMC2021/ros_catkin_ws/install/share/stage/worlds/pantilt.inc
-- Installing: /home/mars/MarquetteRMC2021/ros_catkin_ws/install/share/stage/worlds/pioneer.inc
-- Installing: /home/mars/MarquetteRMC2021/ros_catkin_ws/install/share/stage/worlds/sick.inc
-- Installing: /home/mars/MarquetteRMC2021/ros_catkin_ws/install/share/stage/worlds/ubot.inc
-- Installing: /home/mars/MarquetteRMC2021/ros_catkin_ws/install/share/stage/worlds/uoa_robotics_lab_models.inc
-- Installing: /home/mars/MarquetteRMC2021/ros_catkin_ws/install/share/stage/worlds/walle.inc
-- Installing: /home/mars/MarquetteRMC2021/ros_catkin_ws/install/share/stage/worlds/cfggen.sh
-- Installing: /home/mars/MarquetteRMC2021/ros_catkin_ws/install/share/stage/worlds/test.sh
-- Installing: /home/mars/MarquetteRMC2021/ros_catkin_ws/install/share/stage/worlds/worldgen.sh
-- Installing: /home/mars/MarquetteRMC2021/ros_catkin_ws/install/lib/Stage-4.3/expand_swarm.so
-- Set runtime path of "/home/mars/MarquetteRMC2021/ros_catkin_ws/install/lib/Stage-4.3/expand_swarm.so" to ""
-- Installing: /home/mars/MarquetteRMC2021/ros_catkin_ws/install/lib/Stage-4.3/expand_pioneer.so
-- Set runtime path of "/home/mars/MarquetteRMC2021/ros_catkin_ws/install/lib/Stage-4.3/expand_pioneer.so" to ""
-- Installing: /home/mars/MarquetteRMC2021/ros_catkin_ws/install/share/stage/worlds/bitmaps/889_05.png
-- Installing: /home/mars/MarquetteRMC2021/ros_catkin_ws/install/share/stage/worlds/bitmaps/SFU_1200x615.png
-- Installing: /home/mars/MarquetteRMC2021/ros_catkin_ws/install/share/stage/worlds/bitmaps/SRI-AIC-kwing.png
-- Installing: /home/mars/MarquetteRMC2021/ros_catkin_ws/install/share/stage/worlds/bitmaps/autolab.png
-- Installing: /home/mars/MarquetteRMC2021/ros_catkin_ws/install/share/stage/worlds/bitmaps/cave.png
-- Installing: /home/mars/MarquetteRMC2021/ros_catkin_ws/install/share/stage/worlds/bitmaps/cave_compact.png
-- Installing: /home/mars/MarquetteRMC2021/ros_catkin_ws/install/share/stage/worlds/bitmaps/cave_filled.png
-- Installing: /home/mars/MarquetteRMC2021/ros_catkin_ws/install/share/stage/worlds/bitmaps/frieburg.png
-- Installing: /home/mars/MarquetteRMC2021/ros_catkin_ws/install/share/stage/worlds/bitmaps/ghost.png
-- Installing: /home/mars/MarquetteRMC2021/ros_catkin_ws/install/share/stage/worlds/bitmaps/hospital.png
-- Installing: /home/mars/MarquetteRMC2021/ros_catkin_ws/install/share/stage/worlds/bitmaps/hospital_section.png
-- Installing: /home/mars/MarquetteRMC2021/ros_catkin_ws/install/share/stage/worlds/bitmaps/human_outline.png
-- Installing: /home/mars/MarquetteRMC2021/ros_catkin_ws/install/share/stage/worlds/bitmaps/mbicp.png
-- Installing: /home/mars/MarquetteRMC2021/ros_catkin_ws/install/share/stage/worlds/bitmaps/rink.png
-- Installing: /home/mars/MarquetteRMC2021/ros_catkin_ws/install/share/stage/worlds/bitmaps/sal2.png
-- Installing: /home/mars/MarquetteRMC2021/ros_catkin_ws/install/share/stage/worlds/bitmaps/simple_rooms.png
-- Installing: /home/mars/MarquetteRMC2021/ros_catkin_ws/install/share/stage/worlds/bitmaps/space_invader.png
-- Installing: /home/mars/MarquetteRMC2021/ros_catkin_ws/install/share/stage/worlds/bitmaps/submarine.png
-- Installing: /home/mars/MarquetteRMC2021/ros_catkin_ws/install/share/stage/worlds/bitmaps/submarine_small.png
-- Installing: /home/mars/MarquetteRMC2021/ros_catkin_ws/install/share/stage/worlds/bitmaps/table.png
-- Installing: /home/mars/MarquetteRMC2021/ros_catkin_ws/install/share/stage/worlds/bitmaps/uoa_robotics_lab.png
-- Installing: /home/mars/MarquetteRMC2021/ros_catkin_ws/install/share/stage/worlds/wifi/commando.world
-- Installing: /home/mars/MarquetteRMC2021/ros_catkin_ws/install/share/stage/worlds/wifi/hosp_wifi.world
-- Installing: /home/mars/MarquetteRMC2021/ros_catkin_ws/install/share/stage/worlds/wifi/hosp_wifi_5.world
-- Installing: /home/mars/MarquetteRMC2021/ros_catkin_ws/install/share/stage/worlds/wifi/wifi.world
-- Installing: /home/mars/MarquetteRMC2021/ros_catkin_ws/install/share/stage/worlds/wifi/wifi_itu.world
-- Installing: /home/mars/MarquetteRMC2021/ros_catkin_ws/install/share/stage/worlds/wifi/wifi_logdistance.world
-- Installing: /home/mars/MarquetteRMC2021/ros_catkin_ws/install/share/stage/worlds/wifi/wifi_ray.world
-- Installing: /home/mars/MarquetteRMC2021/ros_catkin_ws/install/share/stage/worlds/wifi/wifi_simple.world
-- Installing: /home/mars/MarquetteRMC2021/ros_catkin_ws/install/share/stage/worlds/wifi/map.inc
