[35m[1mScanning dependencies of target stage[0m
[  1%] [32mBuilding CXX object libstage/CMakeFiles/stage.dir/block.cc.o[0m
[  3%] [32mBuilding CXX object libstage/CMakeFiles/stage.dir/blockgroup.cc.o[0m
[  5%] [32mBuilding CXX object libstage/CMakeFiles/stage.dir/camera.cc.o[0m
[  6%] [32mBuilding CXX object libstage/CMakeFiles/stage.dir/color.cc.o[0m
[  8%] [32mBuilding CXX object libstage/CMakeFiles/stage.dir/file_manager.cc.o[0m
[ 10%] [32mBuilding CXX object libstage/CMakeFiles/stage.dir/gl.cc.o[0m
[ 11%] [32mBuilding CXX object libstage/CMakeFiles/stage.dir/logentry.cc.o[0m
[ 13%] [32mBuilding CXX object libstage/CMakeFiles/stage.dir/model.cc.o[0m
[ 15%] [32mBuilding CXX object libstage/CMakeFiles/stage.dir/model_actuator.cc.o[0m
[ 16%] [32mBuilding CXX object libstage/CMakeFiles/stage.dir/model_blinkenlight.cc.o[0m
[ 18%] [32mBuilding CXX object libstage/CMakeFiles/stage.dir/model_blobfinder.cc.o[0m
[ 20%] [32mBuilding CXX object libstage/CMakeFiles/stage.dir/model_bumper.cc.o[0m
[ 22%] [32mBuilding CXX object libstage/CMakeFiles/stage.dir/model_callbacks.cc.o[0m
[ 23%] [32mBuilding CXX object libstage/CMakeFiles/stage.dir/model_camera.cc.o[0m
[ 25%] [32mBuilding CXX object libstage/CMakeFiles/stage.dir/model_draw.cc.o[0m
[ 27%] [32mBuilding CXX object libstage/CMakeFiles/stage.dir/model_fiducial.cc.o[0m
[ 28%] [32mBuilding CXX object libstage/CMakeFiles/stage.dir/model_gripper.cc.o[0m
[ 30%] [32mBuilding CXX object libstage/CMakeFiles/stage.dir/model_lightindicator.cc.o[0m
[ 32%] [32mBuilding CXX object libstage/CMakeFiles/stage.dir/model_position.cc.o[0m
[ 33%] [32mBuilding CXX object libstage/CMakeFiles/stage.dir/model_ranger.cc.o[0m
[ 35%] [32mBuilding CXX object libstage/CMakeFiles/stage.dir/option.cc.o[0m
[ 37%] [32mBuilding CXX object libstage/CMakeFiles/stage.dir/powerpack.cc.o[0m
[ 38%] [32mBuilding CXX object libstage/CMakeFiles/stage.dir/region.cc.o[0m
[ 40%] [32mBuilding CXX object libstage/CMakeFiles/stage.dir/stage.cc.o[0m
[ 42%] [32mBuilding CXX object libstage/CMakeFiles/stage.dir/texture_manager.cc.o[0m
[ 44%] [32mBuilding CXX object libstage/CMakeFiles/stage.dir/typetable.cc.o[0m
[ 45%] [32mBuilding CXX object libstage/CMakeFiles/stage.dir/world.cc.o[0m
[ 47%] [32mBuilding CXX object libstage/CMakeFiles/stage.dir/worldfile.cc.o[0m
[ 49%] [32mBuilding CXX object libstage/CMakeFiles/stage.dir/canvas.cc.o[0m
[ 50%] [32mBuilding CXX object libstage/CMakeFiles/stage.dir/options_dlg.cc.o[0m
[ 52%] [32mBuilding CXX object libstage/CMakeFiles/stage.dir/vis_strip.cc.o[0m
[ 54%] [32mBuilding CXX object libstage/CMakeFiles/stage.dir/worldgui.cc.o[0m
[ 55%] [32mBuilding CXX object libstage/CMakeFiles/stage.dir/ancestor.cc.o[0m
[ 57%] [32m[1mLinking CXX shared library libstage.so[0m
[ 57%] Built target stage
[35m[1mScanning dependencies of target stagebinary[0m
[ 59%] [32mBuilding CXX object libstage/CMakeFiles/stagebinary.dir/main.cc.o[0m
[ 61%] [32m[1mLinking CXX executable stage[0m
[ 61%] Built target stagebinary
[35m[1mScanning dependencies of target pioneer_flocking[0m
[ 62%] [32mBuilding CXX object examples/ctrl/CMakeFiles/pioneer_flocking.dir/pioneer_flocking.cc.o[0m
[35m[1mScanning dependencies of target rasterize[0m
[ 64%] [32mBuilding CXX object examples/ctrl/CMakeFiles/rasterize.dir/rasterize.cc.o[0m
[ 66%] [32m[1mLinking CXX shared module pioneer_flocking.so[0m
[ 66%] Built target pioneer_flocking
[35m[1mScanning dependencies of target wander[0m
[35m[1mScanning dependencies of target source[0m
[ 67%] [32mBuilding CXX object examples/ctrl/CMakeFiles/wander.dir/wander.cc.o[0m
[ 69%] [32mBuilding CXX object examples/ctrl/CMakeFiles/source.dir/source.cc.o[0m
[35m[1mScanning dependencies of target fasr2[0m
[ 71%] [32mBuilding CXX object examples/ctrl/CMakeFiles/fasr2.dir/fasr2.cc.o[0m
[ 72%] [32m[1mLinking CXX shared module rasterize.so[0m
[ 72%] Built target rasterize
[35m[1mScanning dependencies of target sink[0m
[ 74%] [32mBuilding CXX object examples/ctrl/CMakeFiles/sink.dir/sink.cc.o[0m
[ 76%] [32m[1mLinking CXX shared module wander.so[0m
[ 77%] [32m[1mLinking CXX shared module source.so[0m
[ 77%] Built target source
[ 77%] Built target wander
[35m[1mScanning dependencies of target dynamic[0m
[35m[1mScanning dependencies of target lasernoise[0m
[ 79%] [32mBuilding CXX object examples/ctrl/CMakeFiles/dynamic.dir/dynamic.cc.o[0m
[ 81%] [32mBuilding CXX object examples/ctrl/CMakeFiles/lasernoise.dir/lasernoise.cc.o[0m
[ 83%] [32m[1mLinking CXX shared module sink.so[0m
[ 83%] Built target sink
[ 84%] [32mBuilding CXX object examples/ctrl/CMakeFiles/fasr2.dir/astar/findpath.cpp.o[0m
[ 86%] [32m[1mLinking CXX shared module dynamic.so[0m
[ 88%] [32m[1mLinking CXX shared module lasernoise.so[0m
[ 88%] Built target dynamic
[35m[1mScanning dependencies of target fasr[0m
[ 88%] Built target lasernoise
[ 89%] [32mBuilding CXX object examples/ctrl/CMakeFiles/fasr.dir/fasr.cc.o[0m
[35m[1mScanning dependencies of target expand_pioneer[0m
[35m[1mScanning dependencies of target expand_swarm[0m
[ 91%] [32mBuilding CXX object worlds/benchmark/CMakeFiles/expand_pioneer.dir/expand_pioneer.cc.o[0m
[ 93%] [32mBuilding CXX object worlds/benchmark/CMakeFiles/expand_swarm.dir/expand_swarm.cc.o[0m
[ 94%] [32m[1mLinking CXX shared module fasr2.so[0m
[ 94%] Built target fasr2
[ 96%] [32m[1mLinking CXX shared module expand_swarm.so[0m
[ 98%] [32m[1mLinking CXX shared module expand_pioneer.so[0m
[100%] [32m[1mLinking CXX shared module fasr.so[0m
[100%] Built target expand_swarm
[100%] Built target expand_pioneer
[100%] Built target fasr
