[36mInstall the project...[0m
-- Install configuration: "Release"
-- Up-to-date: /home/mars/MarquetteRMC2021/ros_catkin_ws/install/_setup_util.py
-- Up-to-date: /home/mars/MarquetteRMC2021/ros_catkin_ws/install/env.sh
-- Up-to-date: /home/mars/MarquetteRMC2021/ros_catkin_ws/install/setup.bash
-- Up-to-date: /home/mars/MarquetteRMC2021/ros_catkin_ws/install/local_setup.bash
-- Up-to-date: /home/mars/MarquetteRMC2021/ros_catkin_ws/install/setup.sh
-- Up-to-date: /home/mars/MarquetteRMC2021/ros_catkin_ws/install/local_setup.sh
-- Up-to-date: /home/mars/MarquetteRMC2021/ros_catkin_ws/install/setup.zsh
-- Up-to-date: /home/mars/MarquetteRMC2021/ros_catkin_ws/install/local_setup.zsh
-- Up-to-date: /home/mars/MarquetteRMC2021/ros_catkin_ws/install/.rosinstall
-- Installing: /home/mars/MarquetteRMC2021/ros_catkin_ws/install/lib/pkgconfig/geneus.pc
-- Installing: /home/mars/MarquetteRMC2021/ros_catkin_ws/install/share/geneus/cmake/geneus-extras.cmake
-- Installing: /home/mars/MarquetteRMC2021/ros_catkin_ws/install/share/geneus/cmake/geneusConfig.cmake
-- Installing: /home/mars/MarquetteRMC2021/ros_catkin_ws/install/share/geneus/cmake/geneusConfig-version.cmake
-- Installing: /home/mars/MarquetteRMC2021/ros_catkin_ws/install/share/geneus/package.xml
-- Installing: /home/mars/MarquetteRMC2021/ros_catkin_ws/install/etc/ros/genmsg/geneus
-- Installing: /home/mars/MarquetteRMC2021/ros_catkin_ws/install/share/roseus/rospack_nosubdirs
+ cd /home/mars/MarquetteRMC2021/ros_catkin_ws/src/geneus
+ mkdir -p /home/mars/MarquetteRMC2021/ros_catkin_ws/install/lib/python2.7/dist-packages
+ /usr/bin/env PYTHONPATH=/home/mars/MarquetteRMC2021/ros_catkin_ws/install/lib/python2.7/dist-packages:/home/mars/MarquetteRMC2021/ros_catkin_ws/build/geneus/lib/python2.7/dist-packages:/home/mars/MarquetteRMC2021/ros_catkin_ws/install/lib/python2.7/dist-packages:/opt/ros/melodic/lib/python2.7/dist-packages CATKIN_BINARY_DIR=/home/mars/MarquetteRMC2021/ros_catkin_ws/build/geneus /usr/bin/python2 /home/mars/MarquetteRMC2021/ros_catkin_ws/src/geneus/setup.py build --build-base /home/mars/MarquetteRMC2021/ros_catkin_ws/build/geneus install --root=/ --install-layout=deb --prefix=/home/mars/MarquetteRMC2021/ros_catkin_ws/install --install-scripts=/home/mars/MarquetteRMC2021/ros_catkin_ws/install/bin
running build
running build_py
creating /home/mars/MarquetteRMC2021/ros_catkin_ws/build/geneus/lib.linux-x86_64-2.7
creating /home/mars/MarquetteRMC2021/ros_catkin_ws/build/geneus/lib.linux-x86_64-2.7/geneus
copying src/geneus/__init__.py -> /home/mars/MarquetteRMC2021/ros_catkin_ws/build/geneus/lib.linux-x86_64-2.7/geneus
copying src/geneus/generate.py -> /home/mars/MarquetteRMC2021/ros_catkin_ws/build/geneus/lib.linux-x86_64-2.7/geneus
copying src/geneus/geneus_main.py -> /home/mars/MarquetteRMC2021/ros_catkin_ws/build/geneus/lib.linux-x86_64-2.7/geneus
running install
running install_lib
creating /home/mars/MarquetteRMC2021/ros_catkin_ws/install/lib/python2.7/dist-packages/geneus
copying /home/mars/MarquetteRMC2021/ros_catkin_ws/build/geneus/lib.linux-x86_64-2.7/geneus/__init__.py -> /home/mars/MarquetteRMC2021/ros_catkin_ws/install/lib/python2.7/dist-packages/geneus
copying /home/mars/MarquetteRMC2021/ros_catkin_ws/build/geneus/lib.linux-x86_64-2.7/geneus/generate.py -> /home/mars/MarquetteRMC2021/ros_catkin_ws/install/lib/python2.7/dist-packages/geneus
copying /home/mars/MarquetteRMC2021/ros_catkin_ws/build/geneus/lib.linux-x86_64-2.7/geneus/geneus_main.py -> /home/mars/MarquetteRMC2021/ros_catkin_ws/install/lib/python2.7/dist-packages/geneus
byte-compiling /home/mars/MarquetteRMC2021/ros_catkin_ws/install/lib/python2.7/dist-packages/geneus/__init__.py to __init__.pyc
byte-compiling /home/mars/MarquetteRMC2021/ros_catkin_ws/install/lib/python2.7/dist-packages/geneus/generate.py to generate.pyc
byte-compiling /home/mars/MarquetteRMC2021/ros_catkin_ws/install/lib/python2.7/dist-packages/geneus/geneus_main.py to geneus_main.pyc
running install_egg_info
Writing /home/mars/MarquetteRMC2021/ros_catkin_ws/install/lib/python2.7/dist-packages/geneus-2.2.6.egg-info
-- Installing: /home/mars/MarquetteRMC2021/ros_catkin_ws/install/lib/geneus/gen_eus.py
