Determining if the pthread_create exist failed with the following output:
Change Dir: /home/mars/MarquetteRMC2021/ros_catkin_ws/build/catkin/CMakeFiles/CMakeTmp

Run Build Command:"/usr/bin/make" "cmTC_c8756/fast"
/usr/bin/make -f CMakeFiles/cmTC_c8756.dir/build.make CMakeFiles/cmTC_c8756.dir/build
make[1]: Entering directory '/home/mars/MarquetteRMC2021/ros_catkin_ws/build/catkin/CMakeFiles/CMakeTmp'
Building C object CMakeFiles/cmTC_c8756.dir/CheckSymbolExists.c.o
/usr/bin/cc    -o CMakeFiles/cmTC_c8756.dir/CheckSymbolExists.c.o   -c /home/mars/MarquetteRMC2021/ros_catkin_ws/build/catkin/CMakeFiles/CMakeTmp/CheckSymbolExists.c
Linking C executable cmTC_c8756
/usr/bin/cmake -E cmake_link_script CMakeFiles/cmTC_c8756.dir/link.txt --verbose=1
/usr/bin/cc      -rdynamic CMakeFiles/cmTC_c8756.dir/CheckSymbolExists.c.o  -o cmTC_c8756 
CMakeFiles/cmTC_c8756.dir/CheckSymbolExists.c.o: In function `main':
CheckSymbolExists.c:(.text+0x1b): undefined reference to `pthread_create'
collect2: error: ld returned 1 exit status
CMakeFiles/cmTC_c8756.dir/build.make:97: recipe for target 'cmTC_c8756' failed
make[1]: *** [cmTC_c8756] Error 1
make[1]: Leaving directory '/home/mars/MarquetteRMC2021/ros_catkin_ws/build/catkin/CMakeFiles/CMakeTmp'
Makefile:126: recipe for target 'cmTC_c8756/fast' failed
make: *** [cmTC_c8756/fast] Error 2

File /home/mars/MarquetteRMC2021/ros_catkin_ws/build/catkin/CMakeFiles/CMakeTmp/CheckSymbolExists.c:
/* */
#include <pthread.h>

int main(int argc, char** argv)
{
  (void)argv;
#ifndef pthread_create
  return ((int*)(&pthread_create))[argc];
#else
  (void)argc;
  return 0;
#endif
}

Determining if the function pthread_create exists in the pthreads failed with the following output:
Change Dir: /home/mars/MarquetteRMC2021/ros_catkin_ws/build/catkin/CMakeFiles/CMakeTmp

Run Build Command:"/usr/bin/make" "cmTC_f398f/fast"
/usr/bin/make -f CMakeFiles/cmTC_f398f.dir/build.make CMakeFiles/cmTC_f398f.dir/build
make[1]: Entering directory '/home/mars/MarquetteRMC2021/ros_catkin_ws/build/catkin/CMakeFiles/CMakeTmp'
Building C object CMakeFiles/cmTC_f398f.dir/CheckFunctionExists.c.o
/usr/bin/cc   -DCHECK_FUNCTION_EXISTS=pthread_create   -o CMakeFiles/cmTC_f398f.dir/CheckFunctionExists.c.o   -c /usr/share/cmake-3.10/Modules/CheckFunctionExists.c
Linking C executable cmTC_f398f
/usr/bin/cmake -E cmake_link_script CMakeFiles/cmTC_f398f.dir/link.txt --verbose=1
/usr/bin/cc  -DCHECK_FUNCTION_EXISTS=pthread_create    -rdynamic CMakeFiles/cmTC_f398f.dir/CheckFunctionExists.c.o  -o cmTC_f398f -lpthreads 
/usr/bin/ld: cannot find -lpthreads
collect2: error: ld returned 1 exit status
CMakeFiles/cmTC_f398f.dir/build.make:97: recipe for target 'cmTC_f398f' failed
make[1]: *** [cmTC_f398f] Error 1
make[1]: Leaving directory '/home/mars/MarquetteRMC2021/ros_catkin_ws/build/catkin/CMakeFiles/CMakeTmp'
Makefile:126: recipe for target 'cmTC_f398f/fast' failed
make: *** [cmTC_f398f/fast] Error 2


