[100%] Built target class_loader
[36mInstall the project...[0m
-- Install configuration: "Release"
-- Up-to-date: /home/mars/MarquetteRMC2021/ros_catkin_ws/install/_setup_util.py
-- Up-to-date: /home/mars/MarquetteRMC2021/ros_catkin_ws/install/env.sh
-- Up-to-date: /home/mars/MarquetteRMC2021/ros_catkin_ws/install/setup.bash
-- Up-to-date: /home/mars/MarquetteRMC2021/ros_catkin_ws/install/local_setup.bash
-- Up-to-date: /home/mars/MarquetteRMC2021/ros_catkin_ws/install/setup.sh
-- Up-to-date: /home/mars/MarquetteRMC2021/ros_catkin_ws/install/local_setup.sh
-- Up-to-date: /home/mars/MarquetteRMC2021/ros_catkin_ws/install/setup.zsh
-- Up-to-date: /home/mars/MarquetteRMC2021/ros_catkin_ws/install/local_setup.zsh
-- Up-to-date: /home/mars/MarquetteRMC2021/ros_catkin_ws/install/.rosinstall
-- Installing: /home/mars/MarquetteRMC2021/ros_catkin_ws/install/lib/pkgconfig/class_loader.pc
-- Installing: /home/mars/MarquetteRMC2021/ros_catkin_ws/install/share/class_loader/cmake/class_loader-extras.cmake
-- Installing: /home/mars/MarquetteRMC2021/ros_catkin_ws/install/share/class_loader/cmake/class_loaderConfig.cmake
-- Installing: /home/mars/MarquetteRMC2021/ros_catkin_ws/install/share/class_loader/cmake/class_loaderConfig-version.cmake
-- Installing: /home/mars/MarquetteRMC2021/ros_catkin_ws/install/share/class_loader/package.xml
-- Installing: /home/mars/MarquetteRMC2021/ros_catkin_ws/install/lib/libclass_loader.so
-- Installing: /home/mars/MarquetteRMC2021/ros_catkin_ws/install/include/class_loader
-- Installing: /home/mars/MarquetteRMC2021/ros_catkin_ws/install/include/class_loader/class_loader.hpp
-- Installing: /home/mars/MarquetteRMC2021/ros_catkin_ws/install/include/class_loader/class_loader_exceptions.h
-- Installing: /home/mars/MarquetteRMC2021/ros_catkin_ws/install/include/class_loader/multi_library_class_loader.h
-- Installing: /home/mars/MarquetteRMC2021/ros_catkin_ws/install/include/class_loader/visibility_control.hpp
-- Installing: /home/mars/MarquetteRMC2021/ros_catkin_ws/install/include/class_loader/multi_library_class_loader.hpp
-- Installing: /home/mars/MarquetteRMC2021/ros_catkin_ws/install/include/class_loader/meta_object.h
-- Installing: /home/mars/MarquetteRMC2021/ros_catkin_ws/install/include/class_loader/class_loader_register_macro.h
-- Installing: /home/mars/MarquetteRMC2021/ros_catkin_ws/install/include/class_loader/class_loader_core.h
-- Installing: /home/mars/MarquetteRMC2021/ros_catkin_ws/install/include/class_loader/meta_object.hpp
-- Installing: /home/mars/MarquetteRMC2021/ros_catkin_ws/install/include/class_loader/exceptions.hpp
-- Installing: /home/mars/MarquetteRMC2021/ros_catkin_ws/install/include/class_loader/class_loader.h
-- Installing: /home/mars/MarquetteRMC2021/ros_catkin_ws/install/include/class_loader/register_macro.hpp
-- Installing: /home/mars/MarquetteRMC2021/ros_catkin_ws/install/include/class_loader/class_loader_core.hpp
-- Installing: /home/mars/MarquetteRMC2021/ros_catkin_ws/install/lib/class_loader/class_loader_headers_update.py
