Determining if the pthread_create exist failed with the following output:
Change Dir: /home/mars/MarquetteRMC2021/ros_catkin_ws/build/rosbag_migration_rule/CMakeFiles/CMakeTmp

Run Build Command:"/usr/bin/make" "cmTC_3561a/fast"
/usr/bin/make -f CMakeFiles/cmTC_3561a.dir/build.make CMakeFiles/cmTC_3561a.dir/build
make[1]: Entering directory '/home/mars/MarquetteRMC2021/ros_catkin_ws/build/rosbag_migration_rule/CMakeFiles/CMakeTmp'
Building C object CMakeFiles/cmTC_3561a.dir/CheckSymbolExists.c.o
/usr/bin/cc    -o CMakeFiles/cmTC_3561a.dir/CheckSymbolExists.c.o   -c /home/mars/MarquetteRMC2021/ros_catkin_ws/build/rosbag_migration_rule/CMakeFiles/CMakeTmp/CheckSymbolExists.c
Linking C executable cmTC_3561a
/usr/bin/cmake -E cmake_link_script CMakeFiles/cmTC_3561a.dir/link.txt --verbose=1
/usr/bin/cc      -rdynamic CMakeFiles/cmTC_3561a.dir/CheckSymbolExists.c.o  -o cmTC_3561a 
CMakeFiles/cmTC_3561a.dir/CheckSymbolExists.c.o: In function `main':
CheckSymbolExists.c:(.text+0x1b): undefined reference to `pthread_create'
collect2: error: ld returned 1 exit status
CMakeFiles/cmTC_3561a.dir/build.make:97: recipe for target 'cmTC_3561a' failed
make[1]: *** [cmTC_3561a] Error 1
make[1]: Leaving directory '/home/mars/MarquetteRMC2021/ros_catkin_ws/build/rosbag_migration_rule/CMakeFiles/CMakeTmp'
Makefile:126: recipe for target 'cmTC_3561a/fast' failed
make: *** [cmTC_3561a/fast] Error 2

File /home/mars/MarquetteRMC2021/ros_catkin_ws/build/rosbag_migration_rule/CMakeFiles/CMakeTmp/CheckSymbolExists.c:
/* */
#include <pthread.h>

int main(int argc, char** argv)
{
  (void)argv;
#ifndef pthread_create
  return ((int*)(&pthread_create))[argc];
#else
  (void)argc;
  return 0;
#endif
}

Determining if the function pthread_create exists in the pthreads failed with the following output:
Change Dir: /home/mars/MarquetteRMC2021/ros_catkin_ws/build/rosbag_migration_rule/CMakeFiles/CMakeTmp

Run Build Command:"/usr/bin/make" "cmTC_c8ec9/fast"
/usr/bin/make -f CMakeFiles/cmTC_c8ec9.dir/build.make CMakeFiles/cmTC_c8ec9.dir/build
make[1]: Entering directory '/home/mars/MarquetteRMC2021/ros_catkin_ws/build/rosbag_migration_rule/CMakeFiles/CMakeTmp'
Building C object CMakeFiles/cmTC_c8ec9.dir/CheckFunctionExists.c.o
/usr/bin/cc   -DCHECK_FUNCTION_EXISTS=pthread_create   -o CMakeFiles/cmTC_c8ec9.dir/CheckFunctionExists.c.o   -c /usr/share/cmake-3.10/Modules/CheckFunctionExists.c
Linking C executable cmTC_c8ec9
/usr/bin/cmake -E cmake_link_script CMakeFiles/cmTC_c8ec9.dir/link.txt --verbose=1
/usr/bin/cc  -DCHECK_FUNCTION_EXISTS=pthread_create    -rdynamic CMakeFiles/cmTC_c8ec9.dir/CheckFunctionExists.c.o  -o cmTC_c8ec9 -lpthreads 
/usr/bin/ld: cannot find -lpthreads
collect2: error: ld returned 1 exit status
CMakeFiles/cmTC_c8ec9.dir/build.make:97: recipe for target 'cmTC_c8ec9' failed
make[1]: *** [cmTC_c8ec9] Error 1
make[1]: Leaving directory '/home/mars/MarquetteRMC2021/ros_catkin_ws/build/rosbag_migration_rule/CMakeFiles/CMakeTmp'
Makefile:126: recipe for target 'cmTC_c8ec9/fast' failed
make: *** [cmTC_c8ec9/fast] Error 2


