[36mInstall the project...[0m
-- Install configuration: "Release"
-- Installing: /home/mars/MarquetteRMC2021/ros_catkin_ws/install/_setup_util.py
-- Installing: /home/mars/MarquetteRMC2021/ros_catkin_ws/install/env.sh
-- Installing: /home/mars/MarquetteRMC2021/ros_catkin_ws/install/setup.bash
-- Installing: /home/mars/MarquetteRMC2021/ros_catkin_ws/install/local_setup.bash
-- Installing: /home/mars/MarquetteRMC2021/ros_catkin_ws/install/setup.sh
-- Installing: /home/mars/MarquetteRMC2021/ros_catkin_ws/install/local_setup.sh
-- Installing: /home/mars/MarquetteRMC2021/ros_catkin_ws/install/setup.zsh
-- Installing: /home/mars/MarquetteRMC2021/ros_catkin_ws/install/local_setup.zsh
-- Installing: /home/mars/MarquetteRMC2021/ros_catkin_ws/install/.rosinstall
-- Installing: /home/mars/MarquetteRMC2021/ros_catkin_ws/install/lib/pkgconfig/rosmaster.pc
-- Installing: /home/mars/MarquetteRMC2021/ros_catkin_ws/install/share/rosmaster/cmake/rosmasterConfig.cmake
-- Installing: /home/mars/MarquetteRMC2021/ros_catkin_ws/install/share/rosmaster/cmake/rosmasterConfig-version.cmake
-- Installing: /home/mars/MarquetteRMC2021/ros_catkin_ws/install/share/rosmaster/package.xml
+ cd /home/mars/MarquetteRMC2021/ros_catkin_ws/src/ros_comm/rosmaster
+ mkdir -p /home/mars/MarquetteRMC2021/ros_catkin_ws/install/lib/python2.7/dist-packages
+ /usr/bin/env PYTHONPATH=/home/mars/MarquetteRMC2021/ros_catkin_ws/install/lib/python2.7/dist-packages:/home/mars/MarquetteRMC2021/ros_catkin_ws/build/rosmaster/lib/python2.7/dist-packages:/home/mars/MarquetteRMC2021/ros_catkin_ws/install/lib/python2.7/dist-packages:/opt/ros/melodic/lib/python2.7/dist-packages CATKIN_BINARY_DIR=/home/mars/MarquetteRMC2021/ros_catkin_ws/build/rosmaster /usr/bin/python2 /home/mars/MarquetteRMC2021/ros_catkin_ws/src/ros_comm/rosmaster/setup.py build --build-base /home/mars/MarquetteRMC2021/ros_catkin_ws/build/rosmaster install --root=/ --install-layout=deb --prefix=/home/mars/MarquetteRMC2021/ros_catkin_ws/install --install-scripts=/home/mars/MarquetteRMC2021/ros_catkin_ws/install/bin
running build
running build_py
creating /home/mars/MarquetteRMC2021/ros_catkin_ws/build/rosmaster/lib.linux-x86_64-2.7
creating /home/mars/MarquetteRMC2021/ros_catkin_ws/build/rosmaster/lib.linux-x86_64-2.7/rosmaster
copying src/rosmaster/__init__.py -> /home/mars/MarquetteRMC2021/ros_catkin_ws/build/rosmaster/lib.linux-x86_64-2.7/rosmaster
copying src/rosmaster/master_api.py -> /home/mars/MarquetteRMC2021/ros_catkin_ws/build/rosmaster/lib.linux-x86_64-2.7/rosmaster
copying src/rosmaster/registrations.py -> /home/mars/MarquetteRMC2021/ros_catkin_ws/build/rosmaster/lib.linux-x86_64-2.7/rosmaster
copying src/rosmaster/paramserver.py -> /home/mars/MarquetteRMC2021/ros_catkin_ws/build/rosmaster/lib.linux-x86_64-2.7/rosmaster
copying src/rosmaster/threadpool.py -> /home/mars/MarquetteRMC2021/ros_catkin_ws/build/rosmaster/lib.linux-x86_64-2.7/rosmaster
copying src/rosmaster/master.py -> /home/mars/MarquetteRMC2021/ros_catkin_ws/build/rosmaster/lib.linux-x86_64-2.7/rosmaster
copying src/rosmaster/exceptions.py -> /home/mars/MarquetteRMC2021/ros_catkin_ws/build/rosmaster/lib.linux-x86_64-2.7/rosmaster
copying src/rosmaster/util.py -> /home/mars/MarquetteRMC2021/ros_catkin_ws/build/rosmaster/lib.linux-x86_64-2.7/rosmaster
copying src/rosmaster/main.py -> /home/mars/MarquetteRMC2021/ros_catkin_ws/build/rosmaster/lib.linux-x86_64-2.7/rosmaster
copying src/rosmaster/validators.py -> /home/mars/MarquetteRMC2021/ros_catkin_ws/build/rosmaster/lib.linux-x86_64-2.7/rosmaster
running build_scripts
creating /home/mars/MarquetteRMC2021/ros_catkin_ws/build/rosmaster/scripts-2.7
copying and adjusting scripts/rosmaster -> /home/mars/MarquetteRMC2021/ros_catkin_ws/build/rosmaster/scripts-2.7
changing mode of /home/mars/MarquetteRMC2021/ros_catkin_ws/build/rosmaster/scripts-2.7/rosmaster from 644 to 755
running install
running install_lib
creating /home/mars/MarquetteRMC2021/ros_catkin_ws/install/lib/python2.7/dist-packages/rosmaster
copying /home/mars/MarquetteRMC2021/ros_catkin_ws/build/rosmaster/lib.linux-x86_64-2.7/rosmaster/__init__.py -> /home/mars/MarquetteRMC2021/ros_catkin_ws/install/lib/python2.7/dist-packages/rosmaster
copying /home/mars/MarquetteRMC2021/ros_catkin_ws/build/rosmaster/lib.linux-x86_64-2.7/rosmaster/master_api.py -> /home/mars/MarquetteRMC2021/ros_catkin_ws/install/lib/python2.7/dist-packages/rosmaster
copying /home/mars/MarquetteRMC2021/ros_catkin_ws/build/rosmaster/lib.linux-x86_64-2.7/rosmaster/registrations.py -> /home/mars/MarquetteRMC2021/ros_catkin_ws/install/lib/python2.7/dist-packages/rosmaster
copying /home/mars/MarquetteRMC2021/ros_catkin_ws/build/rosmaster/lib.linux-x86_64-2.7/rosmaster/paramserver.py -> /home/mars/MarquetteRMC2021/ros_catkin_ws/install/lib/python2.7/dist-packages/rosmaster
copying /home/mars/MarquetteRMC2021/ros_catkin_ws/build/rosmaster/lib.linux-x86_64-2.7/rosmaster/threadpool.py -> /home/mars/MarquetteRMC2021/ros_catkin_ws/install/lib/python2.7/dist-packages/rosmaster
copying /home/mars/MarquetteRMC2021/ros_catkin_ws/build/rosmaster/lib.linux-x86_64-2.7/rosmaster/master.py -> /home/mars/MarquetteRMC2021/ros_catkin_ws/install/lib/python2.7/dist-packages/rosmaster
copying /home/mars/MarquetteRMC2021/ros_catkin_ws/build/rosmaster/lib.linux-x86_64-2.7/rosmaster/exceptions.py -> /home/mars/MarquetteRMC2021/ros_catkin_ws/install/lib/python2.7/dist-packages/rosmaster
copying /home/mars/MarquetteRMC2021/ros_catkin_ws/build/rosmaster/lib.linux-x86_64-2.7/rosmaster/util.py -> /home/mars/MarquetteRMC2021/ros_catkin_ws/install/lib/python2.7/dist-packages/rosmaster
copying /home/mars/MarquetteRMC2021/ros_catkin_ws/build/rosmaster/lib.linux-x86_64-2.7/rosmaster/main.py -> /home/mars/MarquetteRMC2021/ros_catkin_ws/install/lib/python2.7/dist-packages/rosmaster
copying /home/mars/MarquetteRMC2021/ros_catkin_ws/build/rosmaster/lib.linux-x86_64-2.7/rosmaster/validators.py -> /home/mars/MarquetteRMC2021/ros_catkin_ws/install/lib/python2.7/dist-packages/rosmaster
byte-compiling /home/mars/MarquetteRMC2021/ros_catkin_ws/install/lib/python2.7/dist-packages/rosmaster/__init__.py to __init__.pyc
byte-compiling /home/mars/MarquetteRMC2021/ros_catkin_ws/install/lib/python2.7/dist-packages/rosmaster/master_api.py to master_api.pyc
byte-compiling /home/mars/MarquetteRMC2021/ros_catkin_ws/install/lib/python2.7/dist-packages/rosmaster/registrations.py to registrations.pyc
byte-compiling /home/mars/MarquetteRMC2021/ros_catkin_ws/install/lib/python2.7/dist-packages/rosmaster/paramserver.py to paramserver.pyc
byte-compiling /home/mars/MarquetteRMC2021/ros_catkin_ws/install/lib/python2.7/dist-packages/rosmaster/threadpool.py to threadpool.pyc
byte-compiling /home/mars/MarquetteRMC2021/ros_catkin_ws/install/lib/python2.7/dist-packages/rosmaster/master.py to master.pyc
byte-compiling /home/mars/MarquetteRMC2021/ros_catkin_ws/install/lib/python2.7/dist-packages/rosmaster/exceptions.py to exceptions.pyc
byte-compiling /home/mars/MarquetteRMC2021/ros_catkin_ws/install/lib/python2.7/dist-packages/rosmaster/util.py to util.pyc
byte-compiling /home/mars/MarquetteRMC2021/ros_catkin_ws/install/lib/python2.7/dist-packages/rosmaster/main.py to main.pyc
byte-compiling /home/mars/MarquetteRMC2021/ros_catkin_ws/install/lib/python2.7/dist-packages/rosmaster/validators.py to validators.pyc
running install_scripts
copying /home/mars/MarquetteRMC2021/ros_catkin_ws/build/rosmaster/scripts-2.7/rosmaster -> /home/mars/MarquetteRMC2021/ros_catkin_ws/install/bin
changing mode of /home/mars/MarquetteRMC2021/ros_catkin_ws/install/bin/rosmaster to 755
running install_egg_info
Writing /home/mars/MarquetteRMC2021/ros_catkin_ws/install/lib/python2.7/dist-packages/rosmaster-1.14.10.egg-info
