Determining if the pthread_create exist failed with the following output:
Change Dir: /home/mars/MarquetteRMC2021/ros_catkin_ws/build_isolated/cmake_modules/CMakeFiles/CMakeTmp

Run Build Command:"/usr/bin/make" "cmTC_c732d/fast"
/usr/bin/make -f CMakeFiles/cmTC_c732d.dir/build.make CMakeFiles/cmTC_c732d.dir/build
make[1]: Entering directory '/home/mars/MarquetteRMC2021/ros_catkin_ws/build_isolated/cmake_modules/CMakeFiles/CMakeTmp'
Building C object CMakeFiles/cmTC_c732d.dir/CheckSymbolExists.c.o
/usr/bin/cc    -o CMakeFiles/cmTC_c732d.dir/CheckSymbolExists.c.o   -c /home/mars/MarquetteRMC2021/ros_catkin_ws/build_isolated/cmake_modules/CMakeFiles/CMakeTmp/CheckSymbolExists.c
Linking C executable cmTC_c732d
/usr/bin/cmake -E cmake_link_script CMakeFiles/cmTC_c732d.dir/link.txt --verbose=1
/usr/bin/cc      -rdynamic CMakeFiles/cmTC_c732d.dir/CheckSymbolExists.c.o  -o cmTC_c732d 
CMakeFiles/cmTC_c732d.dir/CheckSymbolExists.c.o: In function `main':
CheckSymbolExists.c:(.text+0x1b): undefined reference to `pthread_create'
collect2: error: ld returned 1 exit status
CMakeFiles/cmTC_c732d.dir/build.make:97: recipe for target 'cmTC_c732d' failed
make[1]: *** [cmTC_c732d] Error 1
make[1]: Leaving directory '/home/mars/MarquetteRMC2021/ros_catkin_ws/build_isolated/cmake_modules/CMakeFiles/CMakeTmp'
Makefile:126: recipe for target 'cmTC_c732d/fast' failed
make: *** [cmTC_c732d/fast] Error 2

File /home/mars/MarquetteRMC2021/ros_catkin_ws/build_isolated/cmake_modules/CMakeFiles/CMakeTmp/CheckSymbolExists.c:
/* */
#include <pthread.h>

int main(int argc, char** argv)
{
  (void)argv;
#ifndef pthread_create
  return ((int*)(&pthread_create))[argc];
#else
  (void)argc;
  return 0;
#endif
}

Determining if the function pthread_create exists in the pthreads failed with the following output:
Change Dir: /home/mars/MarquetteRMC2021/ros_catkin_ws/build_isolated/cmake_modules/CMakeFiles/CMakeTmp

Run Build Command:"/usr/bin/make" "cmTC_25297/fast"
/usr/bin/make -f CMakeFiles/cmTC_25297.dir/build.make CMakeFiles/cmTC_25297.dir/build
make[1]: Entering directory '/home/mars/MarquetteRMC2021/ros_catkin_ws/build_isolated/cmake_modules/CMakeFiles/CMakeTmp'
Building C object CMakeFiles/cmTC_25297.dir/CheckFunctionExists.c.o
/usr/bin/cc   -DCHECK_FUNCTION_EXISTS=pthread_create   -o CMakeFiles/cmTC_25297.dir/CheckFunctionExists.c.o   -c /usr/share/cmake-3.10/Modules/CheckFunctionExists.c
Linking C executable cmTC_25297
/usr/bin/cmake -E cmake_link_script CMakeFiles/cmTC_25297.dir/link.txt --verbose=1
/usr/bin/cc  -DCHECK_FUNCTION_EXISTS=pthread_create    -rdynamic CMakeFiles/cmTC_25297.dir/CheckFunctionExists.c.o  -o cmTC_25297 -lpthreads 
/usr/bin/ld: cannot find -lpthreads
collect2: error: ld returned 1 exit status
CMakeFiles/cmTC_25297.dir/build.make:97: recipe for target 'cmTC_25297' failed
make[1]: *** [cmTC_25297] Error 1
make[1]: Leaving directory '/home/mars/MarquetteRMC2021/ros_catkin_ws/build_isolated/cmake_modules/CMakeFiles/CMakeTmp'
Makefile:126: recipe for target 'cmTC_25297/fast' failed
make: *** [cmTC_25297/fast] Error 2


