Determining if the pthread_create exist failed with the following output:
Change Dir: /home/mars/MarquetteRMC2021/ros_catkin_ws/build/rostime/CMakeFiles/CMakeTmp

Run Build Command:"/usr/bin/make" "cmTC_6105c/fast"
/usr/bin/make -f CMakeFiles/cmTC_6105c.dir/build.make CMakeFiles/cmTC_6105c.dir/build
make[1]: Entering directory '/home/mars/MarquetteRMC2021/ros_catkin_ws/build/rostime/CMakeFiles/CMakeTmp'
Building C object CMakeFiles/cmTC_6105c.dir/CheckSymbolExists.c.o
/usr/bin/cc    -o CMakeFiles/cmTC_6105c.dir/CheckSymbolExists.c.o   -c /home/mars/MarquetteRMC2021/ros_catkin_ws/build/rostime/CMakeFiles/CMakeTmp/CheckSymbolExists.c
Linking C executable cmTC_6105c
/usr/bin/cmake -E cmake_link_script CMakeFiles/cmTC_6105c.dir/link.txt --verbose=1
/usr/bin/cc      -rdynamic CMakeFiles/cmTC_6105c.dir/CheckSymbolExists.c.o  -o cmTC_6105c 
CMakeFiles/cmTC_6105c.dir/CheckSymbolExists.c.o: In function `main':
CheckSymbolExists.c:(.text+0x1b): undefined reference to `pthread_create'
collect2: error: ld returned 1 exit status
CMakeFiles/cmTC_6105c.dir/build.make:97: recipe for target 'cmTC_6105c' failed
make[1]: *** [cmTC_6105c] Error 1
make[1]: Leaving directory '/home/mars/MarquetteRMC2021/ros_catkin_ws/build/rostime/CMakeFiles/CMakeTmp'
Makefile:126: recipe for target 'cmTC_6105c/fast' failed
make: *** [cmTC_6105c/fast] Error 2

File /home/mars/MarquetteRMC2021/ros_catkin_ws/build/rostime/CMakeFiles/CMakeTmp/CheckSymbolExists.c:
/* */
#include <pthread.h>

int main(int argc, char** argv)
{
  (void)argv;
#ifndef pthread_create
  return ((int*)(&pthread_create))[argc];
#else
  (void)argc;
  return 0;
#endif
}

Determining if the function pthread_create exists in the pthreads failed with the following output:
Change Dir: /home/mars/MarquetteRMC2021/ros_catkin_ws/build/rostime/CMakeFiles/CMakeTmp

Run Build Command:"/usr/bin/make" "cmTC_4e37f/fast"
/usr/bin/make -f CMakeFiles/cmTC_4e37f.dir/build.make CMakeFiles/cmTC_4e37f.dir/build
make[1]: Entering directory '/home/mars/MarquetteRMC2021/ros_catkin_ws/build/rostime/CMakeFiles/CMakeTmp'
Building C object CMakeFiles/cmTC_4e37f.dir/CheckFunctionExists.c.o
/usr/bin/cc   -DCHECK_FUNCTION_EXISTS=pthread_create   -o CMakeFiles/cmTC_4e37f.dir/CheckFunctionExists.c.o   -c /usr/share/cmake-3.10/Modules/CheckFunctionExists.c
Linking C executable cmTC_4e37f
/usr/bin/cmake -E cmake_link_script CMakeFiles/cmTC_4e37f.dir/link.txt --verbose=1
/usr/bin/cc  -DCHECK_FUNCTION_EXISTS=pthread_create    -rdynamic CMakeFiles/cmTC_4e37f.dir/CheckFunctionExists.c.o  -o cmTC_4e37f -lpthreads 
/usr/bin/ld: cannot find -lpthreads
collect2: error: ld returned 1 exit status
CMakeFiles/cmTC_4e37f.dir/build.make:97: recipe for target 'cmTC_4e37f' failed
make[1]: *** [cmTC_4e37f] Error 1
make[1]: Leaving directory '/home/mars/MarquetteRMC2021/ros_catkin_ws/build/rostime/CMakeFiles/CMakeTmp'
Makefile:126: recipe for target 'cmTC_4e37f/fast' failed
make: *** [cmTC_4e37f/fast] Error 2


