[36mInstall the project...[0m
-- Install configuration: "Release"
-- Installing: /home/mars/MarquetteRMC2021/ros_catkin_ws/install/_setup_util.py
-- Installing: /home/mars/MarquetteRMC2021/ros_catkin_ws/install/env.sh
-- Installing: /home/mars/MarquetteRMC2021/ros_catkin_ws/install/setup.bash
-- Installing: /home/mars/MarquetteRMC2021/ros_catkin_ws/install/local_setup.bash
-- Installing: /home/mars/MarquetteRMC2021/ros_catkin_ws/install/setup.sh
-- Installing: /home/mars/MarquetteRMC2021/ros_catkin_ws/install/local_setup.sh
-- Installing: /home/mars/MarquetteRMC2021/ros_catkin_ws/install/setup.zsh
-- Installing: /home/mars/MarquetteRMC2021/ros_catkin_ws/install/local_setup.zsh
-- Installing: /home/mars/MarquetteRMC2021/ros_catkin_ws/install/.rosinstall
+ cd /home/mars/MarquetteRMC2021/ros_catkin_ws/src/executive_smach/smach
+ mkdir -p /home/mars/MarquetteRMC2021/ros_catkin_ws/install/lib/python2.7/dist-packages
+ /usr/bin/env PYTHONPATH=/home/mars/MarquetteRMC2021/ros_catkin_ws/install/lib/python2.7/dist-packages:/home/mars/MarquetteRMC2021/ros_catkin_ws/build/smach/lib/python2.7/dist-packages:/home/mars/MarquetteRMC2021/ros_catkin_ws/install/lib/python2.7/dist-packages:/opt/ros/melodic/lib/python2.7/dist-packages CATKIN_BINARY_DIR=/home/mars/MarquetteRMC2021/ros_catkin_ws/build/smach /usr/bin/python2 /home/mars/MarquetteRMC2021/ros_catkin_ws/src/executive_smach/smach/setup.py build --build-base /home/mars/MarquetteRMC2021/ros_catkin_ws/build/smach install --root=/ --install-layout=deb --prefix=/home/mars/MarquetteRMC2021/ros_catkin_ws/install --install-scripts=/home/mars/MarquetteRMC2021/ros_catkin_ws/install/bin
running build
running build_py
creating /home/mars/MarquetteRMC2021/ros_catkin_ws/build/smach/lib.linux-x86_64-2.7
creating /home/mars/MarquetteRMC2021/ros_catkin_ws/build/smach/lib.linux-x86_64-2.7/smach
copying src/smach/__init__.py -> /home/mars/MarquetteRMC2021/ros_catkin_ws/build/smach/lib.linux-x86_64-2.7/smach
copying src/smach/sequence.py -> /home/mars/MarquetteRMC2021/ros_catkin_ws/build/smach/lib.linux-x86_64-2.7/smach
copying src/smach/concurrence.py -> /home/mars/MarquetteRMC2021/ros_catkin_ws/build/smach/lib.linux-x86_64-2.7/smach
copying src/smach/container.py -> /home/mars/MarquetteRMC2021/ros_catkin_ws/build/smach/lib.linux-x86_64-2.7/smach
copying src/smach/state.py -> /home/mars/MarquetteRMC2021/ros_catkin_ws/build/smach/lib.linux-x86_64-2.7/smach
copying src/smach/state_machine.py -> /home/mars/MarquetteRMC2021/ros_catkin_ws/build/smach/lib.linux-x86_64-2.7/smach
copying src/smach/iterator.py -> /home/mars/MarquetteRMC2021/ros_catkin_ws/build/smach/lib.linux-x86_64-2.7/smach
copying src/smach/user_data.py -> /home/mars/MarquetteRMC2021/ros_catkin_ws/build/smach/lib.linux-x86_64-2.7/smach
copying src/smach/exceptions.py -> /home/mars/MarquetteRMC2021/ros_catkin_ws/build/smach/lib.linux-x86_64-2.7/smach
copying src/smach/util.py -> /home/mars/MarquetteRMC2021/ros_catkin_ws/build/smach/lib.linux-x86_64-2.7/smach
copying src/smach/log.py -> /home/mars/MarquetteRMC2021/ros_catkin_ws/build/smach/lib.linux-x86_64-2.7/smach
running install
running install_lib
creating /home/mars/MarquetteRMC2021/ros_catkin_ws/install/lib/python2.7/dist-packages/smach
copying /home/mars/MarquetteRMC2021/ros_catkin_ws/build/smach/lib.linux-x86_64-2.7/smach/__init__.py -> /home/mars/MarquetteRMC2021/ros_catkin_ws/install/lib/python2.7/dist-packages/smach
copying /home/mars/MarquetteRMC2021/ros_catkin_ws/build/smach/lib.linux-x86_64-2.7/smach/sequence.py -> /home/mars/MarquetteRMC2021/ros_catkin_ws/install/lib/python2.7/dist-packages/smach
copying /home/mars/MarquetteRMC2021/ros_catkin_ws/build/smach/lib.linux-x86_64-2.7/smach/concurrence.py -> /home/mars/MarquetteRMC2021/ros_catkin_ws/install/lib/python2.7/dist-packages/smach
copying /home/mars/MarquetteRMC2021/ros_catkin_ws/build/smach/lib.linux-x86_64-2.7/smach/container.py -> /home/mars/MarquetteRMC2021/ros_catkin_ws/install/lib/python2.7/dist-packages/smach
copying /home/mars/MarquetteRMC2021/ros_catkin_ws/build/smach/lib.linux-x86_64-2.7/smach/state.py -> /home/mars/MarquetteRMC2021/ros_catkin_ws/install/lib/python2.7/dist-packages/smach
copying /home/mars/MarquetteRMC2021/ros_catkin_ws/build/smach/lib.linux-x86_64-2.7/smach/state_machine.py -> /home/mars/MarquetteRMC2021/ros_catkin_ws/install/lib/python2.7/dist-packages/smach
copying /home/mars/MarquetteRMC2021/ros_catkin_ws/build/smach/lib.linux-x86_64-2.7/smach/iterator.py -> /home/mars/MarquetteRMC2021/ros_catkin_ws/install/lib/python2.7/dist-packages/smach
copying /home/mars/MarquetteRMC2021/ros_catkin_ws/build/smach/lib.linux-x86_64-2.7/smach/user_data.py -> /home/mars/MarquetteRMC2021/ros_catkin_ws/install/lib/python2.7/dist-packages/smach
copying /home/mars/MarquetteRMC2021/ros_catkin_ws/build/smach/lib.linux-x86_64-2.7/smach/exceptions.py -> /home/mars/MarquetteRMC2021/ros_catkin_ws/install/lib/python2.7/dist-packages/smach
copying /home/mars/MarquetteRMC2021/ros_catkin_ws/build/smach/lib.linux-x86_64-2.7/smach/util.py -> /home/mars/MarquetteRMC2021/ros_catkin_ws/install/lib/python2.7/dist-packages/smach
copying /home/mars/MarquetteRMC2021/ros_catkin_ws/build/smach/lib.linux-x86_64-2.7/smach/log.py -> /home/mars/MarquetteRMC2021/ros_catkin_ws/install/lib/python2.7/dist-packages/smach
byte-compiling /home/mars/MarquetteRMC2021/ros_catkin_ws/install/lib/python2.7/dist-packages/smach/__init__.py to __init__.pyc
byte-compiling /home/mars/MarquetteRMC2021/ros_catkin_ws/install/lib/python2.7/dist-packages/smach/sequence.py to sequence.pyc
byte-compiling /home/mars/MarquetteRMC2021/ros_catkin_ws/install/lib/python2.7/dist-packages/smach/concurrence.py to concurrence.pyc
byte-compiling /home/mars/MarquetteRMC2021/ros_catkin_ws/install/lib/python2.7/dist-packages/smach/container.py to container.pyc
byte-compiling /home/mars/MarquetteRMC2021/ros_catkin_ws/install/lib/python2.7/dist-packages/smach/state.py to state.pyc
byte-compiling /home/mars/MarquetteRMC2021/ros_catkin_ws/install/lib/python2.7/dist-packages/smach/state_machine.py to state_machine.pyc
byte-compiling /home/mars/MarquetteRMC2021/ros_catkin_ws/install/lib/python2.7/dist-packages/smach/iterator.py to iterator.pyc
byte-compiling /home/mars/MarquetteRMC2021/ros_catkin_ws/install/lib/python2.7/dist-packages/smach/user_data.py to user_data.pyc
byte-compiling /home/mars/MarquetteRMC2021/ros_catkin_ws/install/lib/python2.7/dist-packages/smach/exceptions.py to exceptions.pyc
byte-compiling /home/mars/MarquetteRMC2021/ros_catkin_ws/install/lib/python2.7/dist-packages/smach/util.py to util.pyc
byte-compiling /home/mars/MarquetteRMC2021/ros_catkin_ws/install/lib/python2.7/dist-packages/smach/log.py to log.pyc
running install_egg_info
Writing /home/mars/MarquetteRMC2021/ros_catkin_ws/install/lib/python2.7/dist-packages/smach-2.0.1.egg-info
-- Installing: /home/mars/MarquetteRMC2021/ros_catkin_ws/install/lib/pkgconfig/smach.pc
-- Installing: /home/mars/MarquetteRMC2021/ros_catkin_ws/install/share/smach/cmake/smachConfig.cmake
-- Installing: /home/mars/MarquetteRMC2021/ros_catkin_ws/install/share/smach/cmake/smachConfig-version.cmake
-- Installing: /home/mars/MarquetteRMC2021/ros_catkin_ws/install/share/smach/package.xml
